mode: set
cyberedge/pkg/api/errors.go:40.45,41.14 1 0
cyberedge/pkg/api/errors.go:42.29,43.36 1 0
cyberedge/pkg/api/errors.go:44.23,45.27 1 0
cyberedge/pkg/api/errors.go:46.23,47.30 1 0
cyberedge/pkg/api/errors.go:48.23,49.27 1 0
cyberedge/pkg/api/errors.go:50.21,51.30 1 0
cyberedge/pkg/api/errors.go:52.22,53.30 1 0
cyberedge/pkg/api/errors.go:54.23,55.30 1 0
cyberedge/pkg/api/errors.go:56.22,57.39 1 0
cyberedge/pkg/api/errors.go:58.25,59.27 1 0
cyberedge/pkg/api/errors.go:60.25,61.30 1 0
cyberedge/pkg/api/errors.go:62.25,63.33 1 0
cyberedge/pkg/api/errors.go:64.10,65.24 1 0
cyberedge/pkg/api/errors.go:70.76,76.2 1 0
cyberedge/pkg/api/errors.go:79.59,84.17 2 0
cyberedge/pkg/api/errors.go:84.17,86.55 1 0
cyberedge/pkg/api/errors.go:86.55,87.30 1 0
cyberedge/pkg/api/errors.go:87.30,89.5 1 0
cyberedge/pkg/api/errors.go:90.9,92.4 1 0
cyberedge/pkg/api/errors.go:95.2,95.33 1 0
cyberedge/pkg/api/router.go:24.11,31.2 1 0
cyberedge/pkg/api/router.go:34.44,59.2 11 0
cyberedge/pkg/api/router.go:59.2,73.3 8 0
cyberedge/pkg/api/router.go:76.2,78.2 3 0
cyberedge/pkg/api/router.go:78.2,80.3 1 0
cyberedge/pkg/api/router.go:82.2,82.15 1 0
cyberedge/pkg/logging/logging.go:53.50,55.69 1 0
cyberedge/pkg/logging/logging.go:55.69,57.3 1 0
cyberedge/pkg/logging/logging.go:59.2,61.16 3 0
cyberedge/pkg/logging/logging.go:61.16,63.3 1 0
cyberedge/pkg/logging/logging.go:66.2,75.12 7 0
cyberedge/pkg/logging/logging.go:79.34,81.2 1 0
cyberedge/pkg/logging/logging.go:84.68,85.29 1 0
cyberedge/pkg/logging/logging.go:85.29,87.3 1 0
cyberedge/pkg/logging/logging.go:89.2,98.43 6 0
cyberedge/pkg/logging/logging.go:98.43,99.29 1 0
cyberedge/pkg/logging/logging.go:99.29,100.42 1 0
cyberedge/pkg/logging/logging.go:100.42,102.5 1 0
cyberedge/pkg/logging/logging.go:106.2,106.15 1 0
cyberedge/pkg/logging/logging.go:107.13,108.32 1 0
cyberedge/pkg/logging/logging.go:109.12,110.31 1 0
cyberedge/pkg/logging/logging.go:111.12,112.31 1 0
cyberedge/pkg/logging/logging.go:113.13,114.32 1 0
cyberedge/pkg/logging/logging.go:115.13,117.13 2 0
cyberedge/pkg/logging/logging.go:122.45,124.2 1 0
cyberedge/pkg/logging/logging.go:127.44,129.2 1 0
cyberedge/pkg/logging/logging.go:132.44,134.2 1 0
cyberedge/pkg/logging/logging.go:137.45,139.2 1 0
cyberedge/pkg/logging/logging.go:142.45,144.2 1 0
cyberedge/pkg/logging/logging.go:147.28,152.40 3 0
cyberedge/pkg/logging/logging.go:152.40,154.3 1 0
cyberedge/pkg/logging/logging.go:157.2,162.66 4 0
cyberedge/pkg/logging/logging.go:162.66,164.3 1 0
cyberedge/pkg/logging/logging.go:167.2,167.42 1 0
cyberedge/pkg/logging/logging.go:171.47,173.12 2 0
cyberedge/pkg/logging/logging.go:173.12,176.7 3 0
cyberedge/pkg/logging/logging.go:176.7,177.11 1 0
cyberedge/pkg/logging/logging.go:178.20,179.43 1 0
cyberedge/pkg/logging/logging.go:179.43,181.6 1 0
cyberedge/pkg/logging/logging.go:181.11,183.6 1 0
cyberedge/pkg/logging/logging.go:184.24,185.11 1 0
cyberedge/pkg/logging/logging.go:192.24,193.25 1 0
cyberedge/pkg/logging/logging.go:193.25,195.3 1 0
cyberedge/pkg/logging/logging.go:199.16,200.20 1 0
cyberedge/pkg/logging/logging.go:200.20,202.3 1 0
cyberedge/pkg/logging/logging.go:205.13,207.46 1 0
cyberedge/pkg/logging/logging.go:207.46,209.3 1 0
cyberedge/pkg/database/migrations.go:9.47,24.2 1 0
cyberedge/pkg/database/migrations.go:27.39,29.104 1 0
cyberedge/pkg/database/migrations.go:29.104,31.3 1 0
cyberedge/pkg/database/migrations.go:34.2,34.122 1 0
cyberedge/pkg/database/migrations.go:34.122,36.3 1 0
cyberedge/pkg/database/migrations.go:39.2,39.126 1 0
cyberedge/pkg/database/migrations.go:39.126,41.3 1 0
cyberedge/pkg/database/migrations.go:44.2,44.118 1 0
cyberedge/pkg/database/migrations.go:44.118,46.3 1 0
cyberedge/pkg/database/migrations.go:47.2,47.125 1 0
cyberedge/pkg/database/migrations.go:47.125,49.3 1 0
cyberedge/pkg/database/migrations.go:52.2,52.139 1 0
cyberedge/pkg/database/migrations.go:52.139,54.3 1 0
cyberedge/pkg/database/migrations.go:57.2,57.107 1 0
cyberedge/pkg/database/migrations.go:57.107,59.3 1 0
cyberedge/pkg/database/migrations.go:60.2,60.104 1 0
cyberedge/pkg/database/migrations.go:60.104,62.3 1 0
cyberedge/pkg/database/migrations.go:65.2,65.126 1 0
cyberedge/pkg/database/migrations.go:65.126,67.3 1 0
cyberedge/pkg/database/migrations.go:70.2,70.127 1 0
cyberedge/pkg/database/migrations.go:70.127,72.3 1 0
cyberedge/pkg/database/migrations.go:73.2,73.129 1 0
cyberedge/pkg/database/migrations.go:73.129,75.3 1 0
cyberedge/pkg/database/migrations.go:76.2,76.126 1 0
cyberedge/pkg/database/migrations.go:76.126,78.3 1 0
cyberedge/pkg/database/migrations.go:79.2,79.119 1 0
cyberedge/pkg/database/migrations.go:79.119,81.3 1 0
cyberedge/pkg/database/migrations.go:84.2,84.112 1 0
cyberedge/pkg/database/migrations.go:84.112,86.3 1 0
cyberedge/pkg/database/migrations.go:88.2,88.12 1 0
cyberedge/pkg/database/migrations.go:92.43,96.132 1 0
cyberedge/pkg/database/migrations.go:96.133,98.3 0 0
cyberedge/pkg/database/migrations.go:101.2,101.165 1 0
cyberedge/pkg/database/migrations.go:101.166,103.3 0 0
cyberedge/pkg/database/migrations.go:106.2,106.132 1 0
cyberedge/pkg/database/migrations.go:106.133,108.3 0 0
cyberedge/pkg/database/migrations.go:110.2,110.12 1 0
cyberedge/pkg/dao/base.go:13.39,15.2 1 0
cyberedge/pkg/dao/base.go:18.36,20.2 1 0
cyberedge/pkg/dao/base.go:23.62,25.2 1 0
cyberedge/pkg/dao/scan_dao.go:12.39,14.2 1 0
cyberedge/pkg/dao/scan_dao.go:17.64,19.2 1 0
cyberedge/pkg/dao/scan_dao.go:21.68,28.2 3 0
cyberedge/pkg/dao/scan_dao.go:30.74,34.2 3 0
cyberedge/pkg/dao/scan_dao.go:36.60,40.2 3 0
cyberedge/pkg/dao/scan_dao.go:42.64,44.2 1 0
cyberedge/pkg/dao/scan_dao.go:46.48,48.2 1 0
cyberedge/pkg/dao/scan_dao.go:51.61,53.2 1 0
cyberedge/pkg/dao/scan_dao.go:55.88,59.2 3 0
cyberedge/pkg/dao/scan_dao.go:62.70,64.2 1 0
cyberedge/pkg/dao/scan_dao.go:66.93,70.2 3 0
cyberedge/pkg/dao/scan_dao.go:73.63,75.2 1 0
cyberedge/pkg/dao/scan_dao.go:77.84,84.2 3 0
cyberedge/pkg/dao/scan_dao.go:87.55,89.2 1 0
cyberedge/pkg/dao/scan_dao.go:91.102,96.2 3 0
cyberedge/pkg/dao/scan_dao.go:99.64,101.2 1 0
cyberedge/pkg/dao/scan_dao.go:103.64,105.2 1 0
cyberedge/pkg/dao/scan_dao.go:107.76,115.2 3 0
cyberedge/pkg/dao/scan_dao.go:118.64,120.2 1 0
cyberedge/pkg/dao/scan_dao.go:122.100,126.2 3 0
cyberedge/pkg/dao/scan_dao.go:129.73,131.2 1 0
cyberedge/pkg/dao/scan_dao.go:133.95,137.2 3 0
cyberedge/pkg/dao/scan_dao.go:139.95,143.2 3 0
cyberedge/pkg/dao/scan_dao.go:146.67,148.2 1 0
cyberedge/pkg/dao/scan_dao.go:150.80,154.2 3 0
cyberedge/pkg/dao/scan_dao.go:157.88,180.16 3 0
cyberedge/pkg/dao/scan_dao.go:180.16,182.3 1 0
cyberedge/pkg/dao/scan_dao.go:183.2,185.18 2 0
cyberedge/pkg/dao/scan_dao.go:185.18,188.54 3 0
cyberedge/pkg/dao/scan_dao.go:188.54,189.12 1 0
cyberedge/pkg/dao/scan_dao.go:191.3,191.26 1 0
cyberedge/pkg/dao/scan_dao.go:194.2,194.19 1 0
cyberedge/pkg/dao/scan_dao.go:198.74,199.50 1 0
cyberedge/pkg/dao/scan_dao.go:199.50,201.48 1 0
cyberedge/pkg/dao/scan_dao.go:201.48,203.4 1 0
cyberedge/pkg/dao/scan_dao.go:206.3,206.34 1 0
cyberedge/pkg/dao/scan_dao.go:206.34,210.48 3 0
cyberedge/pkg/dao/scan_dao.go:210.48,212.5 1 0
cyberedge/pkg/dao/scan_dao.go:215.4,215.37 1 0
cyberedge/pkg/dao/scan_dao.go:215.37,219.52 3 0
cyberedge/pkg/dao/scan_dao.go:219.52,221.6 1 0
cyberedge/pkg/dao/scan_dao.go:224.5,224.42 1 0
cyberedge/pkg/dao/scan_dao.go:224.42,228.46 3 0
cyberedge/pkg/dao/scan_dao.go:228.46,230.7 1 0
cyberedge/pkg/dao/scan_dao.go:233.6,233.30 1 0
cyberedge/pkg/dao/scan_dao.go:233.30,237.49 3 0
cyberedge/pkg/dao/scan_dao.go:237.49,239.8 1 0
cyberedge/pkg/dao/scan_dao.go:242.7,242.30 1 0
cyberedge/pkg/dao/scan_dao.go:242.30,246.53 3 0
cyberedge/pkg/dao/scan_dao.go:246.53,248.9 1 0
cyberedge/pkg/dao/scan_dao.go:251.8,251.34 1 0
cyberedge/pkg/dao/scan_dao.go:251.34,252.41 1 0
cyberedge/pkg/dao/scan_dao.go:252.41,256.55 3 0
cyberedge/pkg/dao/scan_dao.go:256.55,258.11 1 0
cyberedge/pkg/dao/scan_dao.go:261.10,261.49 1 0
cyberedge/pkg/dao/scan_dao.go:261.49,265.53 3 0
cyberedge/pkg/dao/scan_dao.go:265.53,267.12 1 0
cyberedge/pkg/dao/scan_dao.go:273.8,273.47 1 0
cyberedge/pkg/dao/scan_dao.go:273.47,277.51 3 0
cyberedge/pkg/dao/scan_dao.go:277.51,279.10 1 0
cyberedge/pkg/dao/scan_dao.go:287.3,287.13 1 0
cyberedge/pkg/dao/scan_dao.go:294.69,296.2 1 0
cyberedge/pkg/dao/scan_dao.go:298.100,302.2 3 0
cyberedge/pkg/dao/scan_dao.go:304.74,308.2 3 0
cyberedge/pkg/dao/scan_dao.go:311.78,313.2 1 0
cyberedge/pkg/dao/scan_dao.go:315.78,317.2 1 0
cyberedge/pkg/dao/scan_dao.go:319.83,323.2 3 0
cyberedge/pkg/dao/scan_dao.go:325.97,331.2 3 0
cyberedge/pkg/dao/scan_dao.go:333.95,339.2 3 0
cyberedge/pkg/dao/scan_dao.go:342.91,344.2 1 0
cyberedge/pkg/dao/scan_dao.go:346.104,353.2 3 0
cyberedge/pkg/dao/scan_dao.go:355.122,362.2 3 0
cyberedge/pkg/dao/scan_dao.go:364.81,381.16 3 0
cyberedge/pkg/dao/scan_dao.go:381.16,383.3 1 0
cyberedge/pkg/dao/scan_dao.go:384.2,386.18 2 0
cyberedge/pkg/dao/scan_dao.go:386.18,389.54 3 0
cyberedge/pkg/dao/scan_dao.go:389.54,390.12 1 0
cyberedge/pkg/dao/scan_dao.go:392.3,392.26 1 0
cyberedge/pkg/dao/scan_dao.go:395.2,395.19 1 0
cyberedge/pkg/dao/scan_dao_optimized.go:18.57,20.2 1 0
cyberedge/pkg/dao/scan_dao_optimized.go:23.82,25.2 1 0
cyberedge/pkg/dao/scan_dao_optimized.go:27.86,31.2 3 0
cyberedge/pkg/dao/scan_dao_optimized.go:33.92,37.2 3 0
cyberedge/pkg/dao/scan_dao_optimized.go:39.78,43.2 3 0
cyberedge/pkg/dao/scan_dao_optimized.go:45.57,47.2 1 0
cyberedge/pkg/dao/scan_dao_optimized.go:50.122,53.16 2 0
cyberedge/pkg/dao/scan_dao_optimized.go:53.16,55.3 1 0
cyberedge/pkg/dao/scan_dao_optimized.go:58.2,62.16 3 0
cyberedge/pkg/dao/scan_dao_optimized.go:62.16,64.3 1 0
cyberedge/pkg/dao/scan_dao_optimized.go:66.2,66.28 1 0
cyberedge/pkg/dao/scan_dao_optimized.go:70.108,75.62 3 0
cyberedge/pkg/dao/scan_dao_optimized.go:75.62,77.3 1 0
cyberedge/pkg/dao/scan_dao_optimized.go:79.2,105.16 5 0
cyberedge/pkg/dao/scan_dao_optimized.go:105.16,107.3 1 0
cyberedge/pkg/dao/scan_dao_optimized.go:109.2,118.16 8 0
cyberedge/pkg/dao/scan_dao_optimized.go:118.16,120.3 1 0
cyberedge/pkg/dao/scan_dao_optimized.go:121.2,133.20 5 0
cyberedge/pkg/dao/scan_dao_optimized.go:137.99,153.16 4 0
cyberedge/pkg/dao/scan_dao_optimized.go:153.16,155.3 1 0
cyberedge/pkg/dao/scan_dao_optimized.go:157.2,158.33 2 0
cyberedge/pkg/dao/scan_dao_optimized.go:158.33,160.3 1 0
cyberedge/pkg/dao/scan_dao_optimized.go:163.2,164.38 2 0
cyberedge/pkg/dao/scan_dao_optimized.go:164.38,165.45 1 0
cyberedge/pkg/dao/scan_dao_optimized.go:165.45,167.4 1 0
cyberedge/pkg/dao/scan_dao_optimized.go:170.2,170.20 1 0
cyberedge/pkg/dao/scan_dao_optimized.go:174.78,175.50 1 0
cyberedge/pkg/dao/scan_dao_optimized.go:175.50,180.43 2 0
cyberedge/pkg/dao/scan_dao_optimized.go:180.43,190.18 3 0
cyberedge/pkg/dao/scan_dao_optimized.go:190.18,192.5 1 0
cyberedge/pkg/dao/scan_dao_optimized.go:194.4,194.42 1 0
cyberedge/pkg/dao/scan_dao_optimized.go:198.3,198.43 1 0
cyberedge/pkg/dao/scan_dao_optimized.go:198.43,199.31 1 0
cyberedge/pkg/dao/scan_dao_optimized.go:199.31,202.22 3 0
cyberedge/pkg/dao/scan_dao_optimized.go:202.22,205.6 2 0
cyberedge/pkg/dao/scan_dao_optimized.go:210.3,213.43 3 0
cyberedge/pkg/dao/scan_dao_optimized.go:213.43,216.46 2 0
cyberedge/pkg/dao/scan_dao_optimized.go:216.46,225.32 2 0
cyberedge/pkg/dao/scan_dao_optimized.go:225.32,234.6 8 0
cyberedge/pkg/dao/scan_dao_optimized.go:237.5,237.56 1 0
cyberedge/pkg/dao/scan_dao_optimized.go:237.56,239.6 1 0
cyberedge/pkg/dao/scan_dao_optimized.go:242.5,242.32 1 0
cyberedge/pkg/dao/scan_dao_optimized.go:242.32,243.64 1 0
cyberedge/pkg/dao/scan_dao_optimized.go:243.64,257.7 2 0
cyberedge/pkg/dao/scan_dao_optimized.go:260.6,260.57 1 0
cyberedge/pkg/dao/scan_dao_optimized.go:260.57,269.55 2 0
cyberedge/pkg/dao/scan_dao_optimized.go:269.55,271.8 1 0
cyberedge/pkg/dao/scan_dao_optimized.go:274.7,274.57 1 0
cyberedge/pkg/dao/scan_dao_optimized.go:274.57,289.8 2 0
cyberedge/pkg/dao/scan_dao_optimized.go:293.6,293.61 1 0
cyberedge/pkg/dao/scan_dao_optimized.go:293.61,308.7 4 0
cyberedge/pkg/dao/scan_dao_optimized.go:314.3,314.31 1 0
cyberedge/pkg/dao/scan_dao_optimized.go:314.31,315.73 1 0
cyberedge/pkg/dao/scan_dao_optimized.go:315.73,317.5 1 0
cyberedge/pkg/dao/scan_dao_optimized.go:321.3,321.31 1 0
cyberedge/pkg/dao/scan_dao_optimized.go:321.31,322.73 1 0
cyberedge/pkg/dao/scan_dao_optimized.go:322.73,324.5 1 0
cyberedge/pkg/dao/scan_dao_optimized.go:327.3,327.13 1 0
cyberedge/pkg/dao/scan_dao_optimized.go:332.136,340.63 2 0
cyberedge/pkg/dao/scan_dao_optimized.go:340.63,342.3 1 0
cyberedge/pkg/dao/scan_dao_optimized.go:344.2,344.57 1 0
cyberedge/pkg/dao/scan_dao_optimized.go:344.57,346.3 1 0
cyberedge/pkg/dao/scan_dao_optimized.go:348.2,348.57 1 0
cyberedge/pkg/dao/scan_dao_optimized.go:348.57,352.3 2 0
cyberedge/pkg/dao/scan_dao_optimized.go:354.2,357.29 3 0
cyberedge/pkg/dao/scan_dao_optimized.go:361.93,369.16 3 0
cyberedge/pkg/dao/scan_dao_optimized.go:369.16,371.3 1 0
cyberedge/pkg/dao/scan_dao_optimized.go:374.2,378.25 3 0
cyberedge/pkg/dao/scan_dao_optimized.go:378.25,381.3 2 0
cyberedge/pkg/dao/scan_dao_optimized.go:384.2,384.33 1 0
cyberedge/pkg/dao/scan_dao_optimized.go:384.33,385.29 1 0
cyberedge/pkg/dao/scan_dao_optimized.go:385.29,387.4 1 0
cyberedge/pkg/dao/scan_dao_optimized.go:387.9,388.61 1 0
cyberedge/pkg/dao/scan_dao_optimized.go:388.61,390.5 1 0
cyberedge/pkg/dao/scan_dao_optimized.go:394.2,394.25 1 0
cyberedge/pkg/dao/scan_dao_optimized.go:398.106,409.2 4 0
cyberedge/pkg/dao/scan_dao_optimized.go:412.147,421.78 5 0
cyberedge/pkg/dao/scan_dao_optimized.go:421.78,423.3 1 0
cyberedge/pkg/dao/scan_dao_optimized.go:426.2,432.28 3 0
cyberedge/pkg/dao/user.go:14.39,18.2 1 0
cyberedge/pkg/dao/user.go:21.51,23.2 1 0
cyberedge/pkg/dao/user.go:26.72,29.16 3 0
cyberedge/pkg/dao/user.go:29.16,31.3 1 0
cyberedge/pkg/dao/user.go:32.2,32.19 1 0
cyberedge/pkg/dao/user.go:36.66,39.16 3 0
cyberedge/pkg/dao/user.go:39.16,41.3 1 0
cyberedge/pkg/dao/user.go:42.2,42.19 1 0
cyberedge/pkg/dao/user.go:46.58,49.16 3 0
cyberedge/pkg/dao/user.go:49.16,51.3 1 0
cyberedge/pkg/dao/user.go:52.2,52.19 1 0
cyberedge/pkg/dao/user.go:56.51,58.2 1 0
cyberedge/pkg/dao/user.go:61.41,63.2 1 0
cyberedge/pkg/dao/user.go:66.52,70.2 3 0
cyberedge/pkg/dao/user.go:73.42,77.2 3 0
cyberedge/pkg/api/handlers/scan_framework_handler.go:16.87,20.2 1 1
cyberedge/pkg/api/handlers/scan_framework_handler.go:23.85,25.2 2 1
cyberedge/pkg/api/handlers/scan_framework_handler.go:25.2,38.3 7 1
cyberedge/pkg/api/handlers/scan_framework_handler.go:42.58,49.47 2 1
cyberedge/pkg/api/handlers/scan_framework_handler.go:49.47,52.3 2 1
cyberedge/pkg/api/handlers/scan_framework_handler.go:55.2,56.16 2 1
cyberedge/pkg/api/handlers/scan_framework_handler.go:56.16,59.3 2 1
cyberedge/pkg/api/handlers/scan_framework_handler.go:61.2,72.4 1 1
cyberedge/pkg/api/handlers/scan_framework_handler.go:76.62,79.16 3 1
cyberedge/pkg/api/handlers/scan_framework_handler.go:79.16,82.3 2 1
cyberedge/pkg/api/handlers/scan_framework_handler.go:84.2,85.16 2 1
cyberedge/pkg/api/handlers/scan_framework_handler.go:85.16,88.3 2 1
cyberedge/pkg/api/handlers/scan_framework_handler.go:90.2,105.4 2 1
cyberedge/pkg/api/handlers/scan_framework_handler.go:109.66,114.40 3 1
cyberedge/pkg/api/handlers/scan_framework_handler.go:114.40,116.36 2 1
cyberedge/pkg/api/handlers/scan_framework_handler.go:116.36,121.4 1 1
cyberedge/pkg/api/handlers/scan_framework_handler.go:122.3,122.45 1 1
cyberedge/pkg/api/handlers/scan_framework_handler.go:125.2,128.4 1 1
cyberedge/pkg/api/handlers/scan_framework_handler.go:132.70,137.33 3 1
cyberedge/pkg/api/handlers/scan_framework_handler.go:137.33,138.60 1 1
cyberedge/pkg/api/handlers/scan_framework_handler.go:138.60,140.42 2 1
cyberedge/pkg/api/handlers/scan_framework_handler.go:140.42,147.5 1 1
cyberedge/pkg/api/handlers/scan_framework_handler.go:149.4,155.6 1 1
cyberedge/pkg/api/handlers/scan_framework_handler.go:159.2,162.4 1 1
cyberedge/pkg/api/handlers/scan_framework_handler.go:166.70,169.16 3 1
cyberedge/pkg/api/handlers/scan_framework_handler.go:169.16,172.3 2 1
cyberedge/pkg/api/handlers/scan_framework_handler.go:175.2,180.16 4 1
cyberedge/pkg/api/handlers/scan_framework_handler.go:180.16,183.3 2 0
cyberedge/pkg/api/handlers/scan_framework_handler.go:186.2,187.33 2 1
cyberedge/pkg/api/handlers/scan_framework_handler.go:187.33,199.27 2 1
cyberedge/pkg/api/handlers/scan_framework_handler.go:199.27,202.4 2 1
cyberedge/pkg/api/handlers/scan_framework_handler.go:204.3,204.44 1 1
cyberedge/pkg/api/handlers/scan_framework_handler.go:207.2,211.4 1 1
cyberedge/pkg/api/handlers/scan_framework_handler.go:215.74,218.16 3 0
cyberedge/pkg/api/handlers/scan_framework_handler.go:218.16,221.3 2 0
cyberedge/pkg/api/handlers/scan_framework_handler.go:224.2,228.16 3 0
cyberedge/pkg/api/handlers/scan_framework_handler.go:228.16,231.3 2 0
cyberedge/pkg/api/handlers/scan_framework_handler.go:234.2,235.39 2 0
cyberedge/pkg/api/handlers/scan_framework_handler.go:235.39,254.3 3 0
cyberedge/pkg/api/handlers/scan_framework_handler.go:256.2,260.4 1 0
cyberedge/pkg/api/handlers/scan_framework_handler.go:264.70,267.16 3 1
cyberedge/pkg/api/handlers/scan_framework_handler.go:267.16,270.3 2 0
cyberedge/pkg/api/handlers/scan_framework_handler.go:273.2,274.16 2 1
cyberedge/pkg/api/handlers/scan_framework_handler.go:274.16,277.3 2 0
cyberedge/pkg/api/handlers/scan_framework_handler.go:280.2,281.30 2 1
cyberedge/pkg/api/handlers/scan_framework_handler.go:281.30,283.3 1 1
cyberedge/pkg/api/handlers/scan_framework_handler.go:285.2,292.4 1 1
cyberedge/pkg/api/handlers/scan_handler.go:15.68,19.2 1 0
cyberedge/pkg/api/handlers/scan_handler.go:22.67,24.2 2 0
cyberedge/pkg/api/handlers/scan_handler.go:24.2,39.3 7 0
cyberedge/pkg/api/handlers/scan_handler.go:43.53,49.47 2 0
cyberedge/pkg/api/handlers/scan_handler.go:49.47,52.3 2 0
cyberedge/pkg/api/handlers/scan_handler.go:54.2,55.16 2 0
cyberedge/pkg/api/handlers/scan_handler.go:55.16,58.3 2 0
cyberedge/pkg/api/handlers/scan_handler.go:60.2,64.4 1 0
cyberedge/pkg/api/handlers/scan_handler.go:68.52,70.16 2 0
cyberedge/pkg/api/handlers/scan_handler.go:70.16,73.3 2 0
cyberedge/pkg/api/handlers/scan_handler.go:75.2,78.4 1 0
cyberedge/pkg/api/handlers/scan_handler.go:82.50,85.16 3 0
cyberedge/pkg/api/handlers/scan_handler.go:85.16,88.3 2 0
cyberedge/pkg/api/handlers/scan_handler.go:90.2,91.16 2 0
cyberedge/pkg/api/handlers/scan_handler.go:91.16,94.3 2 0
cyberedge/pkg/api/handlers/scan_handler.go:96.2,99.4 1 0
cyberedge/pkg/api/handlers/scan_handler.go:103.53,106.16 3 0
cyberedge/pkg/api/handlers/scan_handler.go:106.16,109.3 2 0
cyberedge/pkg/api/handlers/scan_handler.go:111.2,111.62 1 0
cyberedge/pkg/api/handlers/scan_handler.go:111.62,114.3 2 0
cyberedge/pkg/api/handlers/scan_handler.go:116.2,119.4 1 0
cyberedge/pkg/api/handlers/scan_handler.go:123.57,126.16 3 0
cyberedge/pkg/api/handlers/scan_handler.go:126.16,129.3 2 0
cyberedge/pkg/api/handlers/scan_handler.go:131.2,132.52 2 0
cyberedge/pkg/api/handlers/scan_handler.go:132.52,135.3 2 0
cyberedge/pkg/api/handlers/scan_handler.go:138.2,138.32 1 0
cyberedge/pkg/api/handlers/scan_handler.go:138.32,141.3 2 0
cyberedge/pkg/api/handlers/scan_handler.go:143.2,143.77 1 0
cyberedge/pkg/api/handlers/scan_handler.go:143.77,146.3 2 0
cyberedge/pkg/api/handlers/scan_handler.go:148.2,152.4 1 0
cyberedge/pkg/api/handlers/scan_handler.go:156.55,159.16 3 0
cyberedge/pkg/api/handlers/scan_handler.go:159.16,162.3 2 0
cyberedge/pkg/api/handlers/scan_handler.go:164.2,165.16 2 0
cyberedge/pkg/api/handlers/scan_handler.go:165.16,168.3 2 0
cyberedge/pkg/api/handlers/scan_handler.go:170.2,173.4 1 0
cyberedge/pkg/api/handlers/scan_handler.go:177.56,180.16 3 0
cyberedge/pkg/api/handlers/scan_handler.go:180.16,183.3 2 0
cyberedge/pkg/api/handlers/scan_handler.go:185.2,185.65 1 0
cyberedge/pkg/api/handlers/scan_handler.go:185.65,188.3 2 0
cyberedge/pkg/api/handlers/scan_handler.go:190.2,193.4 1 0
cyberedge/pkg/api/handlers/scan_handler_secure.go:23.80,34.2 3 0
cyberedge/pkg/api/handlers/scan_handler_secure.go:37.79,39.2 2 0
cyberedge/pkg/api/handlers/scan_handler_secure.go:39.2,54.3 7 0
cyberedge/pkg/api/handlers/scan_handler_secure.go:58.69,62.16 3 0
cyberedge/pkg/api/handlers/scan_handler_secure.go:62.16,65.3 2 0
cyberedge/pkg/api/handlers/scan_handler_secure.go:68.2,72.52 3 0
cyberedge/pkg/api/handlers/scan_handler_secure.go:72.52,76.3 3 0
cyberedge/pkg/api/handlers/scan_handler_secure.go:79.2,79.62 1 0
cyberedge/pkg/api/handlers/scan_handler_secure.go:79.62,83.3 3 0
cyberedge/pkg/api/handlers/scan_handler_secure.go:86.2,86.71 1 0
cyberedge/pkg/api/handlers/scan_handler_secure.go:86.71,91.3 3 0
cyberedge/pkg/api/handlers/scan_handler_secure.go:93.2,97.4 1 0
cyberedge/pkg/api/handlers/scan_handler_secure.go:101.75,102.17 1 0
cyberedge/pkg/api/handlers/scan_handler_secure.go:102.17,104.3 1 0
cyberedge/pkg/api/handlers/scan_handler_secure.go:106.2,107.16 2 0
cyberedge/pkg/api/handlers/scan_handler_secure.go:107.16,109.3 1 0
cyberedge/pkg/api/handlers/scan_handler_secure.go:111.2,111.32 1 0
cyberedge/pkg/api/handlers/scan_handler_secure.go:111.32,113.3 1 0
cyberedge/pkg/api/handlers/scan_handler_secure.go:115.2,115.22 1 0
cyberedge/pkg/api/handlers/scan_handler_secure.go:119.94,120.32 1 0
cyberedge/pkg/api/handlers/scan_handler_secure.go:120.32,122.3 1 0
cyberedge/pkg/api/handlers/scan_handler_secure.go:124.2,124.45 1 0
cyberedge/pkg/api/handlers/scan_handler_secure.go:124.45,126.3 1 0
cyberedge/pkg/api/handlers/scan_handler_secure.go:128.2,128.42 1 0
cyberedge/pkg/api/handlers/scan_handler_secure.go:128.42,129.58 1 0
cyberedge/pkg/api/handlers/scan_handler_secure.go:129.58,131.4 1 0
cyberedge/pkg/api/handlers/scan_handler_secure.go:134.2,134.12 1 0
cyberedge/pkg/api/handlers/scan_handler_secure.go:138.93,140.21 1 0
cyberedge/pkg/api/handlers/scan_handler_secure.go:140.21,142.3 1 0
cyberedge/pkg/api/handlers/scan_handler_secure.go:144.2,144.46 1 0
cyberedge/pkg/api/handlers/scan_handler_secure.go:144.46,146.3 1 0
cyberedge/pkg/api/handlers/scan_handler_secure.go:149.2,149.25 1 0
cyberedge/pkg/api/handlers/scan_handler_secure.go:149.25,150.31 1 0
cyberedge/pkg/api/handlers/scan_handler_secure.go:150.31,152.4 1 0
cyberedge/pkg/api/handlers/scan_handler_secure.go:154.3,154.55 1 0
cyberedge/pkg/api/handlers/scan_handler_secure.go:154.55,156.4 1 0
cyberedge/pkg/api/handlers/scan_handler_secure.go:160.2,160.28 1 0
cyberedge/pkg/api/handlers/scan_handler_secure.go:160.28,161.33 1 0
cyberedge/pkg/api/handlers/scan_handler_secure.go:161.33,163.4 1 0
cyberedge/pkg/api/handlers/scan_handler_secure.go:166.3,166.90 1 0
cyberedge/pkg/api/handlers/scan_handler_secure.go:166.90,168.4 1 0
cyberedge/pkg/api/handlers/scan_handler_secure.go:172.2,172.28 1 0
cyberedge/pkg/api/handlers/scan_handler_secure.go:172.28,174.3 1 0
cyberedge/pkg/api/handlers/scan_handler_secure.go:176.2,176.29 1 0
cyberedge/pkg/api/handlers/scan_handler_secure.go:176.29,178.3 1 0
cyberedge/pkg/api/handlers/scan_handler_secure.go:180.2,180.36 1 0
cyberedge/pkg/api/handlers/scan_handler_secure.go:180.36,181.54 1 0
cyberedge/pkg/api/handlers/scan_handler_secure.go:181.54,183.4 1 0
cyberedge/pkg/api/handlers/scan_handler_secure.go:186.2,186.12 1 0
cyberedge/pkg/api/handlers/scan_handler_secure.go:190.87,192.44 1 0
cyberedge/pkg/api/handlers/scan_handler_secure.go:192.44,194.3 1 0
cyberedge/pkg/api/handlers/scan_handler_secure.go:197.2,198.53 2 0
cyberedge/pkg/api/handlers/scan_handler_secure.go:198.53,200.3 1 0
cyberedge/pkg/api/handlers/scan_handler_secure.go:203.2,204.67 2 0
cyberedge/pkg/api/handlers/scan_handler_secure.go:204.67,206.3 1 0
cyberedge/pkg/api/handlers/scan_handler_secure.go:209.2,209.25 1 0
cyberedge/pkg/api/handlers/scan_handler_secure.go:209.25,210.61 1 0
cyberedge/pkg/api/handlers/scan_handler_secure.go:210.61,212.4 1 0
cyberedge/pkg/api/handlers/scan_handler_secure.go:215.2,215.12 1 0
cyberedge/pkg/api/handlers/scan_handler_secure.go:219.85,221.29 1 0
cyberedge/pkg/api/handlers/scan_handler_secure.go:221.29,223.3 1 0
cyberedge/pkg/api/handlers/scan_handler_secure.go:225.2,225.32 1 0
cyberedge/pkg/api/handlers/scan_handler_secure.go:225.32,227.3 1 0
cyberedge/pkg/api/handlers/scan_handler_secure.go:229.2,229.36 1 0
cyberedge/pkg/api/handlers/scan_handler_secure.go:229.36,231.3 1 0
cyberedge/pkg/api/handlers/scan_handler_secure.go:233.2,233.32 1 0
cyberedge/pkg/api/handlers/scan_handler_secure.go:233.32,235.3 1 0
cyberedge/pkg/api/handlers/scan_handler_secure.go:238.2,253.31 3 0
cyberedge/pkg/api/handlers/scan_handler_secure.go:253.31,255.45 2 0
cyberedge/pkg/api/handlers/scan_handler_secure.go:255.45,256.45 1 0
cyberedge/pkg/api/handlers/scan_handler_secure.go:256.45,258.5 1 0
cyberedge/pkg/api/handlers/scan_handler_secure.go:263.2,263.28 1 0
cyberedge/pkg/api/handlers/scan_handler_secure.go:263.28,264.67 1 0
cyberedge/pkg/api/handlers/scan_handler_secure.go:264.67,266.4 1 0
cyberedge/pkg/api/handlers/scan_handler_secure.go:270.2,270.39 1 0
cyberedge/pkg/api/handlers/scan_handler_secure.go:270.39,272.3 1 0
cyberedge/pkg/api/handlers/scan_handler_secure.go:274.2,274.47 1 0
cyberedge/pkg/api/handlers/scan_handler_secure.go:274.47,275.60 1 0
cyberedge/pkg/api/handlers/scan_handler_secure.go:275.60,277.4 1 0
cyberedge/pkg/api/handlers/scan_handler_secure.go:280.2,280.12 1 0
cyberedge/pkg/api/handlers/scan_handler_secure.go:284.91,285.30 1 0
cyberedge/pkg/api/handlers/scan_handler_secure.go:285.30,287.3 1 0
cyberedge/pkg/api/handlers/scan_handler_secure.go:289.2,289.37 1 0
cyberedge/pkg/api/handlers/scan_handler_secure.go:289.37,290.50 1 0
cyberedge/pkg/api/handlers/scan_handler_secure.go:290.50,292.4 1 0
cyberedge/pkg/api/handlers/scan_handler_secure.go:295.2,295.36 1 0
cyberedge/pkg/api/handlers/scan_handler_secure.go:295.36,297.3 1 0
cyberedge/pkg/api/handlers/scan_handler_secure.go:299.2,299.12 1 0
cyberedge/pkg/api/handlers/scan_handler_secure.go:303.78,304.26 1 0
cyberedge/pkg/api/handlers/scan_handler_secure.go:304.26,306.3 1 0
cyberedge/pkg/api/handlers/scan_handler_secure.go:308.2,308.27 1 0
cyberedge/pkg/api/handlers/scan_handler_secure.go:308.27,310.3 1 0
cyberedge/pkg/api/handlers/scan_handler_secure.go:313.2,313.39 1 0
cyberedge/pkg/api/handlers/scan_handler_secure.go:313.39,315.3 1 0
cyberedge/pkg/api/handlers/scan_handler_secure.go:318.2,318.52 1 0
cyberedge/pkg/api/handlers/scan_handler_secure.go:318.52,320.3 1 0
cyberedge/pkg/api/handlers/scan_handler_secure.go:322.2,322.12 1 0
cyberedge/pkg/api/handlers/scan_handler_secure.go:326.94,327.27 1 0
cyberedge/pkg/api/handlers/scan_handler_secure.go:327.27,329.3 1 0
cyberedge/pkg/api/handlers/scan_handler_secure.go:331.2,331.34 1 0
cyberedge/pkg/api/handlers/scan_handler_secure.go:331.34,333.3 1 0
cyberedge/pkg/api/handlers/scan_handler_secure.go:336.2,339.77 2 0
cyberedge/pkg/api/handlers/scan_handler_secure.go:339.77,341.3 1 0
cyberedge/pkg/api/handlers/scan_handler_secure.go:344.2,344.37 1 0
cyberedge/pkg/api/handlers/scan_handler_secure.go:344.37,346.3 1 0
cyberedge/pkg/api/handlers/scan_handler_secure.go:348.2,348.12 1 0
cyberedge/pkg/api/handlers/scan_handler_secure.go:352.59,358.47 2 0
cyberedge/pkg/api/handlers/scan_handler_secure.go:358.47,362.3 3 0
cyberedge/pkg/api/handlers/scan_handler_secure.go:364.2,365.16 2 0
cyberedge/pkg/api/handlers/scan_handler_secure.go:365.16,369.3 3 0
cyberedge/pkg/api/handlers/scan_handler_secure.go:371.2,375.4 2 0
cyberedge/pkg/api/handlers/scan_handler_secure.go:379.58,381.16 2 0
cyberedge/pkg/api/handlers/scan_handler_secure.go:381.16,385.3 3 0
cyberedge/pkg/api/handlers/scan_handler_secure.go:387.2,390.4 1 0
cyberedge/pkg/api/handlers/scan_handler_secure.go:393.56,395.16 2 0
cyberedge/pkg/api/handlers/scan_handler_secure.go:395.16,398.3 2 0
cyberedge/pkg/api/handlers/scan_handler_secure.go:400.2,401.16 2 0
cyberedge/pkg/api/handlers/scan_handler_secure.go:401.16,405.3 3 0
cyberedge/pkg/api/handlers/scan_handler_secure.go:407.2,410.4 1 0
cyberedge/pkg/api/handlers/scan_handler_secure.go:413.59,415.16 2 0
cyberedge/pkg/api/handlers/scan_handler_secure.go:415.16,418.3 2 0
cyberedge/pkg/api/handlers/scan_handler_secure.go:420.2,420.56 1 0
cyberedge/pkg/api/handlers/scan_handler_secure.go:420.56,424.3 3 0
cyberedge/pkg/api/handlers/scan_handler_secure.go:426.2,430.4 2 0
cyberedge/pkg/api/handlers/scan_handler_secure.go:433.61,435.16 2 0
cyberedge/pkg/api/handlers/scan_handler_secure.go:435.16,438.3 2 0
cyberedge/pkg/api/handlers/scan_handler_secure.go:440.2,441.16 2 0
cyberedge/pkg/api/handlers/scan_handler_secure.go:441.16,445.3 3 0
cyberedge/pkg/api/handlers/scan_handler_secure.go:447.2,450.4 1 0
cyberedge/pkg/api/handlers/scan_handler_secure.go:453.62,455.16 2 0
cyberedge/pkg/api/handlers/scan_handler_secure.go:455.16,458.3 2 0
cyberedge/pkg/api/handlers/scan_handler_secure.go:460.2,460.59 1 0
cyberedge/pkg/api/handlers/scan_handler_secure.go:460.59,464.3 3 0
cyberedge/pkg/api/handlers/scan_handler_secure.go:466.2,470.4 2 0
cyberedge/pkg/api/handlers/user_handler.go:16.76,18.2 1 0
cyberedge/pkg/api/handlers/user_handler.go:21.45,27.47 2 0
cyberedge/pkg/api/handlers/user_handler.go:27.47,30.3 2 0
cyberedge/pkg/api/handlers/user_handler.go:32.2,33.16 2 0
cyberedge/pkg/api/handlers/user_handler.go:33.16,34.52 1 0
cyberedge/pkg/api/handlers/user_handler.go:34.52,36.4 1 0
cyberedge/pkg/api/handlers/user_handler.go:36.9,38.4 1 0
cyberedge/pkg/api/handlers/user_handler.go:39.3,39.9 1 0
cyberedge/pkg/api/handlers/user_handler.go:42.2,46.4 1 0
cyberedge/pkg/api/handlers/user_handler.go:50.48,57.47 2 0
cyberedge/pkg/api/handlers/user_handler.go:57.47,60.3 2 0
cyberedge/pkg/api/handlers/user_handler.go:62.2,63.16 2 0
cyberedge/pkg/api/handlers/user_handler.go:63.16,65.10 1 0
cyberedge/pkg/api/handlers/user_handler.go:66.46,67.71 1 0
cyberedge/pkg/api/handlers/user_handler.go:68.47,69.71 1 0
cyberedge/pkg/api/handlers/user_handler.go:70.48,71.71 1 0
cyberedge/pkg/api/handlers/user_handler.go:72.11,73.83 1 0
cyberedge/pkg/api/handlers/user_handler.go:75.3,75.9 1 0
cyberedge/pkg/api/handlers/user_handler.go:78.2,81.4 1 0
cyberedge/pkg/api/handlers/user_handler.go:85.49,87.22 2 0
cyberedge/pkg/api/handlers/user_handler.go:87.22,90.3 2 0
cyberedge/pkg/api/handlers/user_handler.go:93.2,93.47 1 0
cyberedge/pkg/api/handlers/user_handler.go:93.47,96.3 2 0
cyberedge/pkg/api/handlers/user_handler.go:97.2,99.16 3 0
cyberedge/pkg/api/handlers/user_handler.go:99.16,102.3 2 0
cyberedge/pkg/api/handlers/user_handler.go:104.2,112.4 1 0
cyberedge/pkg/api/handlers/user_handler.go:116.48,118.16 2 0
cyberedge/pkg/api/handlers/user_handler.go:118.16,121.3 2 0
cyberedge/pkg/api/handlers/user_handler.go:124.2,125.29 2 0
cyberedge/pkg/api/handlers/user_handler.go:125.29,130.3 1 0
cyberedge/pkg/api/handlers/user_handler.go:132.2,132.33 1 0
cyberedge/pkg/api/handlers/user_handler.go:136.47,139.16 3 0
cyberedge/pkg/api/handlers/user_handler.go:139.16,142.3 2 0
cyberedge/pkg/api/handlers/user_handler.go:144.2,145.16 2 0
cyberedge/pkg/api/handlers/user_handler.go:145.16,148.3 2 0
cyberedge/pkg/api/handlers/user_handler.go:150.2,150.44 1 0
cyberedge/pkg/api/handlers/user_handler.go:154.50,161.47 2 0
cyberedge/pkg/api/handlers/user_handler.go:161.47,164.3 2 0
cyberedge/pkg/api/handlers/user_handler.go:166.2,167.16 2 0
cyberedge/pkg/api/handlers/user_handler.go:167.16,170.3 2 0
cyberedge/pkg/api/handlers/user_handler.go:172.2,172.68 1 0
cyberedge/pkg/api/handlers/user_handler.go:176.50,179.16 3 0
cyberedge/pkg/api/handlers/user_handler.go:179.16,182.3 2 0
cyberedge/pkg/api/handlers/user_handler.go:184.2,185.16 2 0
cyberedge/pkg/api/handlers/user_handler.go:185.16,188.3 2 0
cyberedge/pkg/api/handlers/user_handler.go:190.2,190.63 1 0
cyberedge/pkg/api/handlers/user_handler.go:194.48,199.47 2 0
cyberedge/pkg/api/handlers/user_handler.go:199.47,202.3 2 0
cyberedge/pkg/api/handlers/user_handler.go:204.2,205.16 2 0
cyberedge/pkg/api/handlers/user_handler.go:205.16,208.3 2 0
cyberedge/pkg/api/handlers/user_handler.go:210.2,213.4 1 0
cyberedge/pkg/api/handlers/user_handler.go:217.49,223.47 2 0
cyberedge/pkg/api/handlers/user_handler.go:223.47,226.3 2 0
cyberedge/pkg/api/handlers/user_handler.go:228.2,229.16 2 0
cyberedge/pkg/api/handlers/user_handler.go:229.16,232.3 2 0
cyberedge/pkg/api/handlers/user_handler.go:234.2,234.57 1 0
cyberedge/pkg/api/handlers/user_handler.go:238.50,243.47 2 0
cyberedge/pkg/api/handlers/user_handler.go:243.47,246.3 2 0
cyberedge/pkg/api/handlers/user_handler.go:248.2,249.16 2 0
cyberedge/pkg/api/handlers/user_handler.go:249.16,252.3 2 0
cyberedge/pkg/api/handlers/user_handler.go:254.2,254.69 1 0
cyberedge/pkg/api/handlers/user_handler.go:258.54,260.2 1 0
cyberedge/pkg/api/handlers/user_handler.go:263.52,265.2 1 0
cyberedge/pkg/api/handlers/user_handler.go:268.55,270.22 2 0
cyberedge/pkg/api/handlers/user_handler.go:270.22,273.3 2 0
cyberedge/pkg/api/handlers/user_handler.go:276.2,276.47 1 0
cyberedge/pkg/api/handlers/user_handler.go:276.47,279.3 2 0
cyberedge/pkg/api/handlers/user_handler.go:280.2,282.16 3 0
cyberedge/pkg/api/handlers/user_handler.go:282.16,285.3 2 0
cyberedge/pkg/api/handlers/user_handler.go:287.2,290.4 1 0
cyberedge/pkg/api/handlers/user_handler.go:294.54,297.22 2 0
cyberedge/pkg/api/handlers/user_handler.go:297.22,300.3 2 0
cyberedge/pkg/api/handlers/user_handler.go:302.2,307.47 2 0
cyberedge/pkg/api/handlers/user_handler.go:307.47,310.3 2 0
cyberedge/pkg/api/handlers/user_handler.go:312.2,312.47 1 0
cyberedge/pkg/api/handlers/user_handler.go:312.47,315.3 2 0
cyberedge/pkg/api/handlers/user_handler.go:316.2,318.16 3 0
cyberedge/pkg/api/handlers/user_handler.go:318.16,321.3 2 0
cyberedge/pkg/api/handlers/user_handler.go:324.2,325.16 2 0
cyberedge/pkg/api/handlers/user_handler.go:325.16,326.40 1 0
cyberedge/pkg/api/handlers/user_handler.go:326.40,328.4 1 0
cyberedge/pkg/api/handlers/user_handler.go:328.9,330.4 1 0
cyberedge/pkg/api/handlers/user_handler.go:331.3,331.9 1 0
cyberedge/pkg/api/handlers/user_handler.go:334.2,337.4 1 0
cyberedge/pkg/models/scan_framework_models.go:29.47,31.2 1 1
cyberedge/pkg/models/scan_framework_models.go:47.47,49.2 1 1
cyberedge/pkg/models/scan_framework_models.go:73.54,75.2 1 0
cyberedge/pkg/models/scan_models.go:157.39,159.2 1 0
cyberedge/pkg/models/scan_models.go:162.59,169.22 3 0
cyberedge/pkg/models/scan_models.go:169.22,170.35 1 0
cyberedge/pkg/models/scan_models.go:170.35,172.4 1 0
cyberedge/pkg/models/scan_models.go:175.2,175.17 1 0
cyberedge/pkg/models/scan_models.go:179.58,188.49 2 0
cyberedge/pkg/models/scan_models.go:188.49,189.52 1 0
cyberedge/pkg/models/scan_models.go:189.52,191.4 1 0
cyberedge/pkg/models/scan_models.go:194.2,194.14 1 0
cyberedge/pkg/models/scan_models_optimized.go:195.36,197.2 1 1
cyberedge/pkg/models/scan_models_optimized.go:199.43,200.23 1 1
cyberedge/pkg/models/scan_models_optimized.go:200.23,202.3 1 1
cyberedge/pkg/models/scan_models_optimized.go:204.2,204.18 1 0
cyberedge/pkg/models/scan_models_optimized.go:207.61,208.46 1 1
cyberedge/pkg/models/scan_models_optimized.go:208.46,210.3 1 1
cyberedge/pkg/models/scan_models_optimized.go:211.2,211.23 1 1
cyberedge/pkg/models/scan_models_optimized.go:214.52,216.2 1 1
cyberedge/pkg/models/scan_models_optimized.go:218.48,220.2 1 1
cyberedge/pkg/models/user.go:34.32,36.2 1 1
cyberedge/pkg/models/user.go:39.48,41.2 1 0
cyberedge/pkg/models/user.go:44.48,46.2 1 0
cyberedge/pkg/middleware/auth.go:14.55,15.30 1 0
cyberedge/pkg/middleware/auth.go:15.30,17.23 2 0
cyberedge/pkg/middleware/auth.go:17.23,21.4 3 0
cyberedge/pkg/middleware/auth.go:23.3,24.32 2 0
cyberedge/pkg/middleware/auth.go:24.32,28.4 3 0
cyberedge/pkg/middleware/auth.go:30.3,30.84 1 0
cyberedge/pkg/middleware/auth.go:30.84,31.59 1 0
cyberedge/pkg/middleware/auth.go:31.59,33.5 1 0
cyberedge/pkg/middleware/auth.go:34.4,34.33 1 0
cyberedge/pkg/middleware/auth.go:37.3,37.33 1 0
cyberedge/pkg/middleware/auth.go:37.33,41.4 3 0
cyberedge/pkg/middleware/auth.go:43.3,43.53 1 0
cyberedge/pkg/middleware/auth.go:43.53,47.4 3 0
cyberedge/pkg/middleware/auth.go:47.9,50.4 2 0
cyberedge/pkg/middleware/middleware.go:13.52,14.30 1 1
cyberedge/pkg/middleware/middleware.go:14.30,19.48 3 1
cyberedge/pkg/middleware/middleware.go:19.48,20.55 1 1
cyberedge/pkg/middleware/middleware.go:20.55,22.10 2 1
cyberedge/pkg/middleware/middleware.go:26.3,26.14 1 1
cyberedge/pkg/middleware/middleware.go:26.14,28.60 1 1
cyberedge/pkg/middleware/middleware.go:28.60,30.5 1 1
cyberedge/pkg/middleware/middleware.go:30.10,32.5 1 1
cyberedge/pkg/middleware/middleware.go:34.4,36.56 3 1
cyberedge/pkg/middleware/middleware.go:40.3,40.36 1 1
cyberedge/pkg/middleware/middleware.go:40.36,43.4 2 1
cyberedge/pkg/middleware/middleware.go:45.3,45.11 1 1
cyberedge/pkg/middleware/middleware.go:50.54,51.30 1 1
cyberedge/pkg/middleware/middleware.go:51.30,53.23 2 1
cyberedge/pkg/middleware/middleware.go:53.23,57.4 3 1
cyberedge/pkg/middleware/middleware.go:60.3,61.46 2 1
cyberedge/pkg/middleware/middleware.go:61.46,65.4 3 1
cyberedge/pkg/middleware/middleware.go:67.3,70.84 2 1
cyberedge/pkg/middleware/middleware.go:70.84,72.59 1 1
cyberedge/pkg/middleware/middleware.go:72.59,74.5 1 0
cyberedge/pkg/middleware/middleware.go:75.4,75.33 1 1
cyberedge/pkg/middleware/middleware.go:78.3,78.33 1 1
cyberedge/pkg/middleware/middleware.go:78.33,82.4 3 1
cyberedge/pkg/middleware/middleware.go:85.3,85.53 1 1
cyberedge/pkg/middleware/middleware.go:85.53,87.51 2 1
cyberedge/pkg/middleware/middleware.go:87.51,89.5 1 0
cyberedge/pkg/middleware/middleware.go:90.4,90.12 1 1
cyberedge/pkg/middleware/middleware.go:91.9,94.4 2 0
cyberedge/pkg/middleware/security.go:35.46,51.2 1 0
cyberedge/pkg/middleware/security.go:70.58,81.2 3 0
cyberedge/pkg/middleware/security.go:84.41,85.25 1 0
cyberedge/pkg/middleware/security.go:85.25,88.39 3 0
cyberedge/pkg/middleware/security.go:88.39,89.64 1 0
cyberedge/pkg/middleware/security.go:89.64,91.5 1 0
cyberedge/pkg/middleware/security.go:93.3,93.17 1 0
cyberedge/pkg/middleware/security.go:98.52,103.13 4 0
cyberedge/pkg/middleware/security.go:103.13,111.3 2 0
cyberedge/pkg/middleware/security.go:114.2,121.23 6 0
cyberedge/pkg/middleware/security.go:121.23,124.3 2 0
cyberedge/pkg/middleware/security.go:126.2,126.14 1 0
cyberedge/pkg/middleware/security.go:129.24,130.11 1 0
cyberedge/pkg/middleware/security.go:130.11,132.3 1 0
cyberedge/pkg/middleware/security.go:133.2,133.10 1 0
cyberedge/pkg/middleware/security.go:137.65,140.46 2 0
cyberedge/pkg/middleware/security.go:140.46,142.54 1 0
cyberedge/pkg/middleware/security.go:142.54,147.4 4 0
cyberedge/pkg/middleware/security.go:150.3,150.56 1 0
cyberedge/pkg/middleware/security.go:150.56,155.4 4 0
cyberedge/pkg/middleware/security.go:158.3,159.55 2 0
cyberedge/pkg/middleware/security.go:159.55,160.41 1 0
cyberedge/pkg/middleware/security.go:160.41,162.10 2 0
cyberedge/pkg/middleware/security.go:165.3,165.21 1 0
cyberedge/pkg/middleware/security.go:165.21,170.4 4 0
cyberedge/pkg/middleware/security.go:173.3,174.57 2 0
cyberedge/pkg/middleware/security.go:174.57,175.49 1 0
cyberedge/pkg/middleware/security.go:175.49,180.5 4 0
cyberedge/pkg/middleware/security.go:184.3,185.46 2 0
cyberedge/pkg/middleware/security.go:185.46,186.33 1 0
cyberedge/pkg/middleware/security.go:186.33,188.5 1 0
cyberedge/pkg/middleware/security.go:190.3,190.45 1 0
cyberedge/pkg/middleware/security.go:190.45,195.4 4 0
cyberedge/pkg/middleware/security.go:198.3,198.32 1 0
cyberedge/pkg/middleware/security.go:198.32,203.4 4 0
cyberedge/pkg/middleware/security.go:206.3,207.35 2 0
cyberedge/pkg/middleware/security.go:207.35,212.4 4 0
cyberedge/pkg/middleware/security.go:215.3,215.35 1 0
cyberedge/pkg/middleware/security.go:215.35,217.4 1 0
cyberedge/pkg/middleware/security.go:219.3,219.11 1 0
cyberedge/pkg/middleware/security.go:224.50,259.46 6 0
cyberedge/pkg/middleware/security.go:259.46,260.31 1 0
cyberedge/pkg/middleware/security.go:260.31,262.40 2 0
cyberedge/pkg/middleware/security.go:262.40,263.46 1 0
cyberedge/pkg/middleware/security.go:263.46,265.6 1 0
cyberedge/pkg/middleware/security.go:271.2,272.38 2 0
cyberedge/pkg/middleware/security.go:272.38,273.43 1 0
cyberedge/pkg/middleware/security.go:273.43,275.4 1 0
cyberedge/pkg/middleware/security.go:279.2,280.37 2 0
cyberedge/pkg/middleware/security.go:280.37,282.39 2 0
cyberedge/pkg/middleware/security.go:282.39,283.46 1 0
cyberedge/pkg/middleware/security.go:283.46,285.5 1 0
cyberedge/pkg/middleware/security.go:289.2,289.14 1 0
cyberedge/pkg/middleware/security.go:293.65,304.26 4 0
cyberedge/pkg/middleware/security.go:304.26,306.3 1 0
cyberedge/pkg/middleware/security.go:309.2,309.28 1 0
cyberedge/pkg/middleware/security.go:309.28,311.3 1 0
cyberedge/pkg/middleware/security.go:314.2,320.51 3 0
cyberedge/pkg/middleware/security.go:320.51,324.3 3 0
cyberedge/pkg/middleware/security.go:328.39,329.46 1 0
cyberedge/pkg/middleware/security.go:329.46,331.62 1 0
cyberedge/pkg/middleware/security.go:331.63,334.4 0 0
cyberedge/pkg/middleware/security.go:336.3,336.11 1 0
cyberedge/pkg/middleware/security.go:341.39,342.46 1 0
cyberedge/pkg/middleware/security.go:342.46,344.95 1 0
cyberedge/pkg/middleware/security.go:344.95,350.37 3 0
cyberedge/pkg/middleware/security.go:350.37,355.5 4 0
cyberedge/pkg/middleware/security.go:360.3,360.11 1 0
cyberedge/pkg/middleware/security.go:365.38,366.46 1 0
cyberedge/pkg/middleware/security.go:366.46,382.20 7 0
cyberedge/pkg/middleware/security.go:382.20,385.4 1 0
cyberedge/pkg/middleware/security.go:390.44,391.72 1 0
cyberedge/pkg/middleware/security.go:391.72,399.3 2 0
cyberedge/pkg/scanner/manager.go:18.35,22.2 1 1
cyberedge/pkg/scanner/manager.go:25.69,26.20 1 1
cyberedge/pkg/scanner/manager.go:26.20,28.3 1 1
cyberedge/pkg/scanner/manager.go:30.2,31.16 2 1
cyberedge/pkg/scanner/manager.go:31.16,33.3 1 1
cyberedge/pkg/scanner/manager.go:35.2,39.43 3 1
cyberedge/pkg/scanner/manager.go:39.43,41.3 1 1
cyberedge/pkg/scanner/manager.go:43.2,44.12 2 1
cyberedge/pkg/scanner/manager.go:48.71,53.13 4 1
cyberedge/pkg/scanner/manager.go:53.13,55.3 1 1
cyberedge/pkg/scanner/manager.go:57.2,57.28 1 1
cyberedge/pkg/scanner/manager.go:57.28,59.3 1 1
cyberedge/pkg/scanner/manager.go:61.2,61.21 1 1
cyberedge/pkg/scanner/manager.go:65.55,70.37 4 1
cyberedge/pkg/scanner/manager.go:70.37,71.28 1 1
cyberedge/pkg/scanner/manager.go:71.28,73.4 1 1
cyberedge/pkg/scanner/manager.go:76.2,76.15 1 1
cyberedge/pkg/scanner/manager.go:80.78,85.37 4 1
cyberedge/pkg/scanner/manager.go:85.37,86.65 1 1
cyberedge/pkg/scanner/manager.go:86.65,88.4 1 1
cyberedge/pkg/scanner/manager.go:91.2,91.15 1 1
cyberedge/pkg/scanner/manager.go:95.103,101.56 3 1
cyberedge/pkg/scanner/manager.go:101.56,103.17 2 1
cyberedge/pkg/scanner/manager.go:103.17,105.4 1 1
cyberedge/pkg/scanner/manager.go:106.8,109.3 1 1
cyberedge/pkg/scanner/manager.go:112.2,112.63 1 1
cyberedge/pkg/scanner/manager.go:112.63,114.3 1 1
cyberedge/pkg/scanner/manager.go:117.2,119.16 3 1
cyberedge/pkg/scanner/manager.go:119.16,130.3 1 1
cyberedge/pkg/scanner/manager.go:133.2,141.20 8 1
cyberedge/pkg/scanner/manager.go:145.112,152.40 3 1
cyberedge/pkg/scanner/manager.go:152.40,154.57 1 1
cyberedge/pkg/scanner/manager.go:154.57,156.4 1 1
cyberedge/pkg/scanner/manager.go:159.3,160.17 2 1
cyberedge/pkg/scanner/manager.go:160.17,161.33 1 1
cyberedge/pkg/scanner/manager.go:161.33,163.5 1 1
cyberedge/pkg/scanner/manager.go:168.3,168.51 1 1
cyberedge/pkg/scanner/manager.go:171.2,171.24 1 1
cyberedge/pkg/scanner/manager.go:175.86,177.31 2 1
cyberedge/pkg/scanner/manager.go:177.31,179.3 1 1
cyberedge/pkg/scanner/manager.go:180.2,180.14 1 1
cyberedge/pkg/scanner/manager.go:184.99,185.28 1 1
cyberedge/pkg/scanner/manager.go:185.28,187.3 1 1
cyberedge/pkg/scanner/manager.go:189.2,190.33 2 1
cyberedge/pkg/scanner/manager.go:190.33,191.39 1 1
cyberedge/pkg/scanner/manager.go:191.39,193.4 1 1
cyberedge/pkg/scanner/manager.go:196.2,196.35 1 1
cyberedge/pkg/scanner/manager.go:196.35,197.28 1 1
cyberedge/pkg/scanner/manager.go:197.28,199.4 1 1
cyberedge/pkg/scanner/manager.go:202.2,202.13 1 1
cyberedge/pkg/scanner/manager.go:206.156,207.20 1 1
cyberedge/pkg/scanner/manager.go:207.20,210.3 1 1
cyberedge/pkg/scanner/manager.go:210.8,213.3 1 1
cyberedge/pkg/scanner/manager.go:217.164,223.49 5 1
cyberedge/pkg/scanner/manager.go:223.49,225.24 2 1
cyberedge/pkg/scanner/manager.go:225.24,238.29 3 1
cyberedge/pkg/scanner/manager.go:238.29,240.5 1 1
cyberedge/pkg/scanner/manager.go:241.4,248.39 5 1
cyberedge/pkg/scanner/manager.go:248.39,250.5 1 0
cyberedge/pkg/scanner/manager.go:252.4,252.21 1 1
cyberedge/pkg/scanner/manager.go:252.21,254.5 1 1
cyberedge/pkg/scanner/manager.go:258.2,259.33 2 1
cyberedge/pkg/scanner/manager.go:263.162,266.49 2 1
cyberedge/pkg/scanner/manager.go:266.49,277.28 2 1
cyberedge/pkg/scanner/manager.go:277.28,279.4 1 1
cyberedge/pkg/scanner/manager.go:280.3,283.17 3 1
cyberedge/pkg/scanner/manager.go:283.17,285.4 1 1
cyberedge/pkg/scanner/manager.go:287.3,287.20 1 1
cyberedge/pkg/scanner/manager.go:287.20,289.4 1 1
cyberedge/pkg/scanner/manager.go:292.2,292.26 1 1
cyberedge/pkg/scanner/manager.go:296.103,298.24 2 0
cyberedge/pkg/scanner/manager.go:298.24,300.3 1 0
cyberedge/pkg/scanner/manager.go:304.2,304.25 1 0
cyberedge/pkg/scanner/registry.go:9.44,13.2 1 0
cyberedge/pkg/scanner/registry.go:16.52,18.2 1 0
cyberedge/pkg/scanner/registry.go:21.66,23.2 1 0
cyberedge/pkg/scanner/registry.go:26.78,30.35 3 0
cyberedge/pkg/scanner/registry.go:30.35,38.3 3 0
cyberedge/pkg/scanner/registry.go:40.2,40.15 1 0
cyberedge/pkg/scanner/registry.go:207.52,210.2 2 0
cyberedge/pkg/scanner/registry.go:213.31,215.37 2 0
cyberedge/pkg/scanner/registry.go:215.37,217.3 1 0
cyberedge/pkg/scanner/registry.go:218.2,218.14 1 0
cyberedge/pkg/scanner/tools/base.go:22.102,24.2 1 1
cyberedge/pkg/scanner/tools/base.go:27.139,38.2 3 1
cyberedge/pkg/scanner/tools/base.go:41.44,43.2 1 1
cyberedge/pkg/scanner/tools/base.go:46.62,48.2 1 1
cyberedge/pkg/scanner/tools/base.go:51.46,53.2 1 1
cyberedge/pkg/scanner/tools/base.go:56.52,57.21 1 1
cyberedge/pkg/scanner/tools/base.go:57.21,59.3 1 1
cyberedge/pkg/scanner/tools/base.go:62.2,62.29 1 1
cyberedge/pkg/scanner/tools/base.go:62.29,66.3 2 0
cyberedge/pkg/scanner/tools/base.go:68.2,69.25 2 1
cyberedge/pkg/scanner/tools/base.go:73.120,75.17 1 1
cyberedge/pkg/scanner/tools/base.go:75.17,79.3 3 1
cyberedge/pkg/scanner/tools/base.go:82.2,86.16 3 1
cyberedge/pkg/scanner/tools/base.go:86.16,88.3 1 1
cyberedge/pkg/scanner/tools/base.go:90.2,90.20 1 1
cyberedge/pkg/scanner/tools/base.go:94.75,95.25 1 1
cyberedge/pkg/scanner/tools/base.go:95.25,97.3 1 1
cyberedge/pkg/scanner/tools/base.go:99.2,99.27 1 1
cyberedge/pkg/scanner/tools/base.go:99.27,101.3 1 1
cyberedge/pkg/scanner/tools/base.go:103.2,103.12 1 1
cyberedge/pkg/scanner/tools/base.go:107.64,113.42 3 1
cyberedge/pkg/scanner/tools/base.go:113.42,115.3 1 1
cyberedge/pkg/scanner/tools/base.go:116.2,116.43 1 1
cyberedge/pkg/scanner/tools/base.go:116.43,118.3 1 1
cyberedge/pkg/scanner/tools/base.go:121.2,121.50 1 1
cyberedge/pkg/scanner/tools/base.go:121.50,123.3 1 1
cyberedge/pkg/scanner/tools/base.go:125.2,125.15 1 1
cyberedge/pkg/scanner/tools/base.go:129.62,133.29 3 1
cyberedge/pkg/scanner/tools/base.go:133.29,135.50 2 1
cyberedge/pkg/scanner/tools/base.go:135.50,137.4 1 1
cyberedge/pkg/scanner/tools/base.go:140.2,140.15 1 1
cyberedge/pkg/scanner/tools/gobuster.go:20.43,24.2 1 0
cyberedge/pkg/scanner/tools/gobuster.go:27.109,29.49 1 0
cyberedge/pkg/scanner/tools/gobuster.go:29.49,31.3 1 0
cyberedge/pkg/scanner/tools/gobuster.go:34.2,35.23 2 0
cyberedge/pkg/scanner/tools/gobuster.go:35.23,37.3 1 0
cyberedge/pkg/scanner/tools/gobuster.go:40.2,41.33 2 0
cyberedge/pkg/scanner/tools/gobuster.go:41.33,47.19 3 0
cyberedge/pkg/scanner/tools/gobuster.go:47.19,49.4 1 0
cyberedge/pkg/scanner/tools/gobuster.go:52.3,53.17 2 0
cyberedge/pkg/scanner/tools/gobuster.go:53.17,55.12 1 0
cyberedge/pkg/scanner/tools/gobuster.go:59.3,60.17 2 0
cyberedge/pkg/scanner/tools/gobuster.go:60.17,61.12 1 0
cyberedge/pkg/scanner/tools/gobuster.go:64.3,64.40 1 0
cyberedge/pkg/scanner/tools/gobuster.go:68.2,74.20 2 0
cyberedge/pkg/scanner/tools/gobuster.go:78.75,79.65 1 0
cyberedge/pkg/scanner/tools/gobuster.go:79.65,81.3 1 0
cyberedge/pkg/scanner/tools/gobuster.go:84.2,85.23 2 0
cyberedge/pkg/scanner/tools/gobuster.go:85.23,87.3 1 0
cyberedge/pkg/scanner/tools/gobuster.go:89.2,89.12 1 0
cyberedge/pkg/scanner/tools/gobuster.go:93.78,97.35 2 0
cyberedge/pkg/scanner/tools/gobuster.go:97.35,98.53 1 0
cyberedge/pkg/scanner/tools/gobuster.go:98.53,99.56 1 0
cyberedge/pkg/scanner/tools/gobuster.go:99.56,100.71 1 0
cyberedge/pkg/scanner/tools/gobuster.go:100.71,101.96 1 0
cyberedge/pkg/scanner/tools/gobuster.go:101.96,103.7 1 0
cyberedge/pkg/scanner/tools/gobuster.go:110.2,110.23 1 0
cyberedge/pkg/scanner/tools/gobuster.go:110.23,112.19 2 0
cyberedge/pkg/scanner/tools/gobuster.go:112.19,114.87 1 0
cyberedge/pkg/scanner/tools/gobuster.go:114.87,117.5 2 0
cyberedge/pkg/scanner/tools/gobuster.go:117.10,119.5 1 0
cyberedge/pkg/scanner/tools/gobuster.go:123.2,123.16 1 0
cyberedge/pkg/scanner/tools/gobuster.go:127.88,139.71 2 0
cyberedge/pkg/scanner/tools/gobuster.go:139.71,141.3 1 0
cyberedge/pkg/scanner/tools/gobuster.go:141.8,144.3 1 0
cyberedge/pkg/scanner/tools/gobuster.go:147.2,147.77 1 0
cyberedge/pkg/scanner/tools/gobuster.go:147.77,149.3 1 0
cyberedge/pkg/scanner/tools/gobuster.go:149.8,152.3 1 0
cyberedge/pkg/scanner/tools/gobuster.go:155.2,155.81 1 0
cyberedge/pkg/scanner/tools/gobuster.go:155.81,157.3 1 0
cyberedge/pkg/scanner/tools/gobuster.go:157.8,160.3 1 0
cyberedge/pkg/scanner/tools/gobuster.go:163.2,163.87 1 0
cyberedge/pkg/scanner/tools/gobuster.go:163.87,165.3 1 0
cyberedge/pkg/scanner/tools/gobuster.go:168.2,168.87 1 0
cyberedge/pkg/scanner/tools/gobuster.go:168.87,170.3 1 0
cyberedge/pkg/scanner/tools/gobuster.go:173.2,173.75 1 0
cyberedge/pkg/scanner/tools/gobuster.go:173.75,175.3 1 0
cyberedge/pkg/scanner/tools/gobuster.go:178.2,178.68 1 0
cyberedge/pkg/scanner/tools/gobuster.go:178.68,179.54 1 0
cyberedge/pkg/scanner/tools/gobuster.go:179.54,181.4 1 0
cyberedge/pkg/scanner/tools/gobuster.go:185.2,185.62 1 0
cyberedge/pkg/scanner/tools/gobuster.go:185.62,187.3 1 0
cyberedge/pkg/scanner/tools/gobuster.go:190.2,190.68 1 0
cyberedge/pkg/scanner/tools/gobuster.go:190.68,192.3 1 0
cyberedge/pkg/scanner/tools/gobuster.go:195.2,195.78 1 0
cyberedge/pkg/scanner/tools/gobuster.go:195.78,197.63 2 0
cyberedge/pkg/scanner/tools/gobuster.go:197.63,199.4 1 0
cyberedge/pkg/scanner/tools/gobuster.go:202.2,202.13 1 0
cyberedge/pkg/scanner/tools/gobuster.go:206.101,210.29 3 0
cyberedge/pkg/scanner/tools/gobuster.go:210.29,217.94 1 0
cyberedge/pkg/scanner/tools/gobuster.go:217.94,218.12 1 0
cyberedge/pkg/scanner/tools/gobuster.go:222.3,223.26 2 0
cyberedge/pkg/scanner/tools/gobuster.go:223.26,225.4 1 0
cyberedge/pkg/scanner/tools/gobuster.go:228.2,228.19 1 0
cyberedge/pkg/scanner/tools/gobuster.go:232.83,240.71 3 0
cyberedge/pkg/scanner/tools/gobuster.go:240.71,243.3 2 0
cyberedge/pkg/scanner/tools/gobuster.go:246.2,247.73 2 0
cyberedge/pkg/scanner/tools/gobuster.go:247.73,248.56 1 0
cyberedge/pkg/scanner/tools/gobuster.go:248.56,250.4 1 0
cyberedge/pkg/scanner/tools/gobuster.go:254.2,255.71 2 0
cyberedge/pkg/scanner/tools/gobuster.go:255.71,256.56 1 0
cyberedge/pkg/scanner/tools/gobuster.go:256.56,258.4 1 0
cyberedge/pkg/scanner/tools/gobuster.go:262.2,262.34 1 0
cyberedge/pkg/scanner/tools/gobuster.go:262.34,264.76 2 0
cyberedge/pkg/scanner/tools/gobuster.go:264.76,266.4 1 0
cyberedge/pkg/scanner/tools/gobuster.go:269.2,269.17 1 0
cyberedge/pkg/scanner/tools/gobuster.go:273.113,277.29 3 0
cyberedge/pkg/scanner/tools/gobuster.go:277.29,280.73 2 0
cyberedge/pkg/scanner/tools/gobuster.go:280.73,288.56 2 0
cyberedge/pkg/scanner/tools/gobuster.go:288.56,290.5 1 0
cyberedge/pkg/scanner/tools/gobuster.go:292.4,292.46 1 0
cyberedge/pkg/scanner/tools/gobuster.go:296.2,296.24 1 0
cyberedge/pkg/scanner/tools/gobuster.go:300.71,304.2 1 0
cyberedge/pkg/scanner/tools/httpx.go:21.40,25.2 1 0
cyberedge/pkg/scanner/tools/httpx.go:28.106,30.49 1 0
cyberedge/pkg/scanner/tools/httpx.go:30.49,32.3 1 0
cyberedge/pkg/scanner/tools/httpx.go:35.2,36.23 2 0
cyberedge/pkg/scanner/tools/httpx.go:36.23,38.3 1 0
cyberedge/pkg/scanner/tools/httpx.go:41.2,45.18 3 0
cyberedge/pkg/scanner/tools/httpx.go:45.18,47.3 1 0
cyberedge/pkg/scanner/tools/httpx.go:50.2,51.16 2 0
cyberedge/pkg/scanner/tools/httpx.go:51.16,53.3 1 0
cyberedge/pkg/scanner/tools/httpx.go:56.2,57.16 2 0
cyberedge/pkg/scanner/tools/httpx.go:57.16,59.3 1 0
cyberedge/pkg/scanner/tools/httpx.go:62.2,66.20 2 0
cyberedge/pkg/scanner/tools/httpx.go:70.72,71.65 1 0
cyberedge/pkg/scanner/tools/httpx.go:71.65,73.3 1 0
cyberedge/pkg/scanner/tools/httpx.go:76.2,77.23 2 0
cyberedge/pkg/scanner/tools/httpx.go:77.23,79.3 1 0
cyberedge/pkg/scanner/tools/httpx.go:81.2,81.12 1 0
cyberedge/pkg/scanner/tools/httpx.go:85.75,89.35 2 0
cyberedge/pkg/scanner/tools/httpx.go:89.35,90.53 1 0
cyberedge/pkg/scanner/tools/httpx.go:90.53,91.58 1 0
cyberedge/pkg/scanner/tools/httpx.go:91.58,92.75 1 0
cyberedge/pkg/scanner/tools/httpx.go:92.75,93.57 1 0
cyberedge/pkg/scanner/tools/httpx.go:93.57,97.7 2 0
cyberedge/pkg/scanner/tools/httpx.go:104.2,104.23 1 0
cyberedge/pkg/scanner/tools/httpx.go:104.23,106.19 2 0
cyberedge/pkg/scanner/tools/httpx.go:106.19,108.87 1 0
cyberedge/pkg/scanner/tools/httpx.go:108.87,111.5 2 0
cyberedge/pkg/scanner/tools/httpx.go:111.10,113.5 1 0
cyberedge/pkg/scanner/tools/httpx.go:117.2,117.16 1 0
cyberedge/pkg/scanner/tools/httpx.go:121.88,131.82 2 0
cyberedge/pkg/scanner/tools/httpx.go:131.82,133.3 1 0
cyberedge/pkg/scanner/tools/httpx.go:136.2,136.88 1 0
cyberedge/pkg/scanner/tools/httpx.go:136.88,138.3 1 0
cyberedge/pkg/scanner/tools/httpx.go:141.2,141.82 1 0
cyberedge/pkg/scanner/tools/httpx.go:141.82,143.3 1 0
cyberedge/pkg/scanner/tools/httpx.go:146.2,146.82 1 0
cyberedge/pkg/scanner/tools/httpx.go:146.82,148.3 1 0
cyberedge/pkg/scanner/tools/httpx.go:151.2,151.82 1 0
cyberedge/pkg/scanner/tools/httpx.go:151.82,153.3 1 0
cyberedge/pkg/scanner/tools/httpx.go:156.2,156.76 1 0
cyberedge/pkg/scanner/tools/httpx.go:156.76,158.3 1 0
cyberedge/pkg/scanner/tools/httpx.go:161.2,161.94 1 0
cyberedge/pkg/scanner/tools/httpx.go:161.94,163.3 1 0
cyberedge/pkg/scanner/tools/httpx.go:166.2,166.68 1 0
cyberedge/pkg/scanner/tools/httpx.go:166.68,167.54 1 0
cyberedge/pkg/scanner/tools/httpx.go:167.54,169.4 1 0
cyberedge/pkg/scanner/tools/httpx.go:173.2,173.22 1 0
cyberedge/pkg/scanner/tools/httpx.go:173.22,175.3 1 0
cyberedge/pkg/scanner/tools/httpx.go:177.2,177.13 1 0
cyberedge/pkg/scanner/tools/httpx.go:181.80,185.29 3 0
cyberedge/pkg/scanner/tools/httpx.go:185.29,187.17 2 0
cyberedge/pkg/scanner/tools/httpx.go:187.17,188.12 1 0
cyberedge/pkg/scanner/tools/httpx.go:192.3,193.68 2 0
cyberedge/pkg/scanner/tools/httpx.go:193.68,195.63 1 0
cyberedge/pkg/scanner/tools/httpx.go:195.63,197.5 1 0
cyberedge/pkg/scanner/tools/httpx.go:198.4,198.12 1 0
cyberedge/pkg/scanner/tools/httpx.go:202.3,203.25 2 0
cyberedge/pkg/scanner/tools/httpx.go:203.25,205.4 1 0
cyberedge/pkg/scanner/tools/httpx.go:209.2,209.26 1 0
cyberedge/pkg/scanner/tools/httpx.go:209.26,212.3 1 0
cyberedge/pkg/scanner/tools/httpx.go:212.8,212.34 1 0
cyberedge/pkg/scanner/tools/httpx.go:212.34,214.3 1 0
cyberedge/pkg/scanner/tools/httpx.go:216.2,216.35 1 0
cyberedge/pkg/scanner/tools/httpx.go:220.73,223.59 2 0
cyberedge/pkg/scanner/tools/httpx.go:223.59,229.3 1 0
cyberedge/pkg/scanner/tools/httpx.go:231.2,231.30 1 0
cyberedge/pkg/scanner/tools/httpx.go:235.59,237.73 2 0
cyberedge/pkg/scanner/tools/httpx.go:237.73,238.56 1 0
cyberedge/pkg/scanner/tools/httpx.go:238.56,240.4 1 0
cyberedge/pkg/scanner/tools/httpx.go:242.2,242.10 1 0
cyberedge/pkg/scanner/tools/httpx.go:246.57,249.32 3 0
cyberedge/pkg/scanner/tools/httpx.go:249.32,250.75 1 0
cyberedge/pkg/scanner/tools/httpx.go:250.75,252.4 1 0
cyberedge/pkg/scanner/tools/httpx.go:254.2,254.11 1 0
cyberedge/pkg/scanner/tools/httpx.go:258.83,266.43 2 0
cyberedge/pkg/scanner/tools/httpx.go:266.43,273.3 2 0
cyberedge/pkg/scanner/tools/httpx.go:276.2,276.28 1 0
cyberedge/pkg/scanner/tools/httpx.go:276.28,282.3 2 0
cyberedge/pkg/scanner/tools/httpx.go:284.2,284.17 1 0
cyberedge/pkg/scanner/tools/nmap.go:20.39,24.2 1 0
cyberedge/pkg/scanner/tools/nmap.go:27.105,29.49 1 0
cyberedge/pkg/scanner/tools/nmap.go:29.49,31.3 1 0
cyberedge/pkg/scanner/tools/nmap.go:34.2,35.18 2 0
cyberedge/pkg/scanner/tools/nmap.go:35.18,37.3 1 0
cyberedge/pkg/scanner/tools/nmap.go:40.2,44.18 3 0
cyberedge/pkg/scanner/tools/nmap.go:44.18,46.3 1 0
cyberedge/pkg/scanner/tools/nmap.go:49.2,50.16 2 0
cyberedge/pkg/scanner/tools/nmap.go:50.16,52.3 1 0
cyberedge/pkg/scanner/tools/nmap.go:55.2,56.16 2 0
cyberedge/pkg/scanner/tools/nmap.go:56.16,58.3 1 0
cyberedge/pkg/scanner/tools/nmap.go:61.2,67.20 2 0
cyberedge/pkg/scanner/tools/nmap.go:71.71,72.65 1 0
cyberedge/pkg/scanner/tools/nmap.go:72.65,74.3 1 0
cyberedge/pkg/scanner/tools/nmap.go:77.2,78.18 2 0
cyberedge/pkg/scanner/tools/nmap.go:78.18,80.3 1 0
cyberedge/pkg/scanner/tools/nmap.go:82.2,82.12 1 0
cyberedge/pkg/scanner/tools/nmap.go:86.84,95.51 3 0
cyberedge/pkg/scanner/tools/nmap.go:95.51,97.3 1 0
cyberedge/pkg/scanner/tools/nmap.go:99.2,99.18 1 0
cyberedge/pkg/scanner/tools/nmap.go:100.13,101.29 1 0
cyberedge/pkg/scanner/tools/nmap.go:102.13,103.29 1 0
cyberedge/pkg/scanner/tools/nmap.go:104.17,105.29 1 0
cyberedge/pkg/scanner/tools/nmap.go:106.17,107.29 1 0
cyberedge/pkg/scanner/tools/nmap.go:108.10,109.29 1 0
cyberedge/pkg/scanner/tools/nmap.go:113.2,113.62 1 0
cyberedge/pkg/scanner/tools/nmap.go:113.62,115.3 1 0
cyberedge/pkg/scanner/tools/nmap.go:115.8,117.3 1 0
cyberedge/pkg/scanner/tools/nmap.go:120.2,120.91 1 0
cyberedge/pkg/scanner/tools/nmap.go:120.91,122.3 1 0
cyberedge/pkg/scanner/tools/nmap.go:125.2,125.76 1 0
cyberedge/pkg/scanner/tools/nmap.go:125.76,127.3 1 0
cyberedge/pkg/scanner/tools/nmap.go:130.2,130.68 1 0
cyberedge/pkg/scanner/tools/nmap.go:130.68,132.3 1 0
cyberedge/pkg/scanner/tools/nmap.go:135.2,135.80 1 0
cyberedge/pkg/scanner/tools/nmap.go:135.80,137.3 1 0
cyberedge/pkg/scanner/tools/nmap.go:140.2,142.13 2 0
cyberedge/pkg/scanner/tools/nmap.go:146.93,151.29 3 0
cyberedge/pkg/scanner/tools/nmap.go:151.29,153.75 2 0
cyberedge/pkg/scanner/tools/nmap.go:153.75,155.18 2 0
cyberedge/pkg/scanner/tools/nmap.go:155.18,156.13 1 0
cyberedge/pkg/scanner/tools/nmap.go:158.4,158.31 1 0
cyberedge/pkg/scanner/tools/nmap.go:162.2,162.19 1 0
cyberedge/pkg/scanner/tools/nmap.go:166.76,170.66 2 0
cyberedge/pkg/scanner/tools/nmap.go:170.66,171.50 1 0
cyberedge/pkg/scanner/tools/nmap.go:171.50,173.4 1 0
cyberedge/pkg/scanner/tools/nmap.go:177.2,177.70 1 0
cyberedge/pkg/scanner/tools/nmap.go:177.70,179.3 1 0
cyberedge/pkg/scanner/tools/nmap.go:182.2,182.61 1 0
cyberedge/pkg/scanner/tools/nmap.go:182.61,184.3 1 0
cyberedge/pkg/scanner/tools/nmap.go:187.2,187.41 1 0
cyberedge/pkg/scanner/tools/nmap.go:187.41,189.59 2 0
cyberedge/pkg/scanner/tools/nmap.go:189.59,191.4 1 0
cyberedge/pkg/scanner/tools/nmap.go:192.3,192.68 1 0
cyberedge/pkg/scanner/tools/nmap.go:192.68,194.4 1 0
cyberedge/pkg/scanner/tools/nmap.go:195.3,195.68 1 0
cyberedge/pkg/scanner/tools/nmap.go:195.68,197.4 1 0
cyberedge/pkg/scanner/tools/nmap.go:198.3,198.25 1 0
cyberedge/pkg/scanner/tools/nmap.go:201.2,201.18 1 0
cyberedge/pkg/scanner/tools/nmap.go:205.66,208.17 3 0
cyberedge/pkg/scanner/tools/nmap.go:208.17,210.3 1 0
cyberedge/pkg/scanner/tools/nmap.go:211.2,213.15 3 0
cyberedge/pkg/scanner/tools/nmap.go:213.15,215.3 1 0
cyberedge/pkg/scanner/tools/nmap.go:216.2,216.32 1 0
cyberedge/pkg/scanner/tools/nmap.go:243.82,245.56 2 0
cyberedge/pkg/scanner/tools/nmap.go:245.56,247.3 1 0
cyberedge/pkg/scanner/tools/nmap.go:249.2,250.36 2 0
cyberedge/pkg/scanner/tools/nmap.go:250.36,251.39 1 0
cyberedge/pkg/scanner/tools/nmap.go:251.39,258.35 2 0
cyberedge/pkg/scanner/tools/nmap.go:258.35,264.5 1 0
cyberedge/pkg/scanner/tools/nmap.go:266.4,266.31 1 0
cyberedge/pkg/scanner/tools/nmap.go:270.2,270.19 1 0
cyberedge/pkg/scanner/tools/nuclei.go:19.41,23.2 1 0
cyberedge/pkg/scanner/tools/nuclei.go:26.107,28.49 1 0
cyberedge/pkg/scanner/tools/nuclei.go:28.49,30.3 1 0
cyberedge/pkg/scanner/tools/nuclei.go:33.2,34.23 2 0
cyberedge/pkg/scanner/tools/nuclei.go:34.23,36.3 1 0
cyberedge/pkg/scanner/tools/nuclei.go:39.2,43.18 3 0
cyberedge/pkg/scanner/tools/nuclei.go:43.18,45.3 1 0
cyberedge/pkg/scanner/tools/nuclei.go:48.2,49.16 2 0
cyberedge/pkg/scanner/tools/nuclei.go:49.16,51.3 1 0
cyberedge/pkg/scanner/tools/nuclei.go:54.2,55.16 2 0
cyberedge/pkg/scanner/tools/nuclei.go:55.16,57.3 1 0
cyberedge/pkg/scanner/tools/nuclei.go:60.2,66.20 2 0
cyberedge/pkg/scanner/tools/nuclei.go:70.73,71.65 1 0
cyberedge/pkg/scanner/tools/nuclei.go:71.65,73.3 1 0
cyberedge/pkg/scanner/tools/nuclei.go:76.2,77.23 2 0
cyberedge/pkg/scanner/tools/nuclei.go:77.23,79.3 1 0
cyberedge/pkg/scanner/tools/nuclei.go:81.2,81.12 1 0
cyberedge/pkg/scanner/tools/nuclei.go:85.76,89.35 2 0
cyberedge/pkg/scanner/tools/nuclei.go:89.35,90.53 1 0
cyberedge/pkg/scanner/tools/nuclei.go:90.53,91.56 1 0
cyberedge/pkg/scanner/tools/nuclei.go:91.56,92.71 1 0
cyberedge/pkg/scanner/tools/nuclei.go:92.71,93.31 1 0
cyberedge/pkg/scanner/tools/nuclei.go:93.31,95.7 1 0
cyberedge/pkg/scanner/tools/nuclei.go:97.10,97.65 1 0
cyberedge/pkg/scanner/tools/nuclei.go:97.65,98.75 1 0
cyberedge/pkg/scanner/tools/nuclei.go:98.75,99.57 1 0
cyberedge/pkg/scanner/tools/nuclei.go:99.57,103.7 2 0
cyberedge/pkg/scanner/tools/nuclei.go:110.2,110.23 1 0
cyberedge/pkg/scanner/tools/nuclei.go:110.23,112.19 2 0
cyberedge/pkg/scanner/tools/nuclei.go:112.19,114.87 1 0
cyberedge/pkg/scanner/tools/nuclei.go:114.87,117.5 2 0
cyberedge/pkg/scanner/tools/nuclei.go:117.10,119.5 1 0
cyberedge/pkg/scanner/tools/nuclei.go:123.2,123.16 1 0
cyberedge/pkg/scanner/tools/nuclei.go:127.89,138.74 2 0
cyberedge/pkg/scanner/tools/nuclei.go:138.74,139.58 1 0
cyberedge/pkg/scanner/tools/nuclei.go:139.58,141.4 1 0
cyberedge/pkg/scanner/tools/nuclei.go:142.8,145.3 1 0
cyberedge/pkg/scanner/tools/nuclei.go:148.2,148.71 1 0
cyberedge/pkg/scanner/tools/nuclei.go:148.71,150.3 1 0
cyberedge/pkg/scanner/tools/nuclei.go:153.2,153.59 1 0
cyberedge/pkg/scanner/tools/nuclei.go:153.59,155.3 1 0
cyberedge/pkg/scanner/tools/nuclei.go:158.2,158.81 1 0
cyberedge/pkg/scanner/tools/nuclei.go:158.81,160.3 1 0
cyberedge/pkg/scanner/tools/nuclei.go:163.2,163.68 1 0
cyberedge/pkg/scanner/tools/nuclei.go:163.68,164.54 1 0
cyberedge/pkg/scanner/tools/nuclei.go:164.54,166.4 1 0
cyberedge/pkg/scanner/tools/nuclei.go:170.2,170.94 1 0
cyberedge/pkg/scanner/tools/nuclei.go:170.94,172.3 1 0
cyberedge/pkg/scanner/tools/nuclei.go:175.2,178.33 2 0
cyberedge/pkg/scanner/tools/nuclei.go:178.33,180.3 1 0
cyberedge/pkg/scanner/tools/nuclei.go:182.2,182.13 1 0
cyberedge/pkg/scanner/tools/nuclei.go:186.89,190.29 3 0
cyberedge/pkg/scanner/tools/nuclei.go:190.29,192.17 2 0
cyberedge/pkg/scanner/tools/nuclei.go:192.17,193.12 1 0
cyberedge/pkg/scanner/tools/nuclei.go:197.3,198.69 2 0
cyberedge/pkg/scanner/tools/nuclei.go:198.69,200.58 1 0
cyberedge/pkg/scanner/tools/nuclei.go:200.58,202.5 1 0
cyberedge/pkg/scanner/tools/nuclei.go:203.4,203.12 1 0
cyberedge/pkg/scanner/tools/nuclei.go:207.3,208.24 2 0
cyberedge/pkg/scanner/tools/nuclei.go:208.24,210.4 1 0
cyberedge/pkg/scanner/tools/nuclei.go:213.2,213.29 1 0
cyberedge/pkg/scanner/tools/nuclei.go:217.80,220.21 2 0
cyberedge/pkg/scanner/tools/nuclei.go:220.21,227.3 1 0
cyberedge/pkg/scanner/tools/nuclei.go:229.2,229.36 1 0
cyberedge/pkg/scanner/tools/nuclei.go:233.61,237.38 3 0
cyberedge/pkg/scanner/tools/nuclei.go:237.38,238.44 1 0
cyberedge/pkg/scanner/tools/nuclei.go:238.44,240.4 1 0
cyberedge/pkg/scanner/tools/nuclei.go:243.2,243.18 1 0
cyberedge/pkg/scanner/tools/nuclei.go:247.92,257.44 2 0
cyberedge/pkg/scanner/tools/nuclei.go:257.44,258.64 1 0
cyberedge/pkg/scanner/tools/nuclei.go:258.64,260.4 1 0
cyberedge/pkg/scanner/tools/nuclei.go:264.2,264.45 1 0
cyberedge/pkg/scanner/tools/nuclei.go:264.45,266.3 1 0
cyberedge/pkg/scanner/tools/nuclei.go:269.2,269.38 1 0
cyberedge/pkg/scanner/tools/nuclei.go:269.38,271.3 1 0
cyberedge/pkg/scanner/tools/nuclei.go:273.2,273.26 1 0
cyberedge/pkg/scanner/tools/nuclei.go:273.26,275.3 1 0
cyberedge/pkg/scanner/tools/nuclei.go:277.2,277.13 1 0
cyberedge/pkg/scanner/tools/subfinder.go:20.44,24.2 1 1
cyberedge/pkg/scanner/tools/subfinder.go:27.110,29.49 1 1
cyberedge/pkg/scanner/tools/subfinder.go:29.49,31.3 1 0
cyberedge/pkg/scanner/tools/subfinder.go:34.2,35.18 2 1
cyberedge/pkg/scanner/tools/subfinder.go:35.18,37.3 1 0
cyberedge/pkg/scanner/tools/subfinder.go:40.2,44.18 3 1
cyberedge/pkg/scanner/tools/subfinder.go:44.18,46.3 1 0
cyberedge/pkg/scanner/tools/subfinder.go:49.2,50.16 2 1
cyberedge/pkg/scanner/tools/subfinder.go:50.16,52.3 1 0
cyberedge/pkg/scanner/tools/subfinder.go:55.2,56.16 2 1
cyberedge/pkg/scanner/tools/subfinder.go:56.16,58.3 1 0
cyberedge/pkg/scanner/tools/subfinder.go:61.2,67.20 2 1
cyberedge/pkg/scanner/tools/subfinder.go:71.76,72.65 1 1
cyberedge/pkg/scanner/tools/subfinder.go:72.65,74.3 1 1
cyberedge/pkg/scanner/tools/subfinder.go:77.2,77.37 1 1
cyberedge/pkg/scanner/tools/subfinder.go:77.37,79.3 1 1
cyberedge/pkg/scanner/tools/subfinder.go:81.2,81.12 1 1
cyberedge/pkg/scanner/tools/subfinder.go:85.89,93.68 2 1
cyberedge/pkg/scanner/tools/subfinder.go:93.68,95.3 1 1
cyberedge/pkg/scanner/tools/subfinder.go:97.2,97.78 1 1
cyberedge/pkg/scanner/tools/subfinder.go:97.78,99.3 1 1
cyberedge/pkg/scanner/tools/subfinder.go:101.2,101.68 1 1
cyberedge/pkg/scanner/tools/subfinder.go:101.68,103.3 1 1
cyberedge/pkg/scanner/tools/subfinder.go:106.2,106.73 1 1
cyberedge/pkg/scanner/tools/subfinder.go:106.73,108.3 1 1
cyberedge/pkg/scanner/tools/subfinder.go:110.2,110.13 1 1
cyberedge/pkg/scanner/tools/subfinder.go:114.103,118.29 3 1
cyberedge/pkg/scanner/tools/subfinder.go:118.29,120.62 2 1
cyberedge/pkg/scanner/tools/subfinder.go:120.62,121.12 1 1
cyberedge/pkg/scanner/tools/subfinder.go:125.3,126.17 2 1
cyberedge/pkg/scanner/tools/subfinder.go:126.17,129.4 1 1
cyberedge/pkg/scanner/tools/subfinder.go:131.3,138.49 2 1
cyberedge/pkg/scanner/tools/subfinder.go:141.2,141.24 1 1
cyberedge/pkg/scanner/tools/subfinder.go:145.72,147.16 2 1
cyberedge/pkg/scanner/tools/subfinder.go:147.16,149.3 1 1
cyberedge/pkg/scanner/tools/subfinder.go:151.2,152.25 2 1
cyberedge/pkg/scanner/tools/subfinder.go:152.25,154.3 1 1
cyberedge/pkg/scanner/tools/subfinder.go:156.2,156.20 1 1
cyberedge/pkg/scanner/tools/subfinder.go:160.62,162.43 1 1
cyberedge/pkg/scanner/tools/subfinder.go:162.43,164.3 1 1
cyberedge/pkg/scanner/tools/subfinder.go:167.2,167.70 1 1
cyberedge/pkg/scanner/tools/subfinder.go:167.70,169.3 1 1
cyberedge/pkg/scanner/tools/subfinder.go:172.2,172.36 1 1
cyberedge/pkg/scanner/tools/subfinder.go:172.36,174.3 1 1
cyberedge/pkg/scanner/tools/subfinder.go:177.2,177.30 1 1
cyberedge/pkg/scanner/tools/subfinder.go:177.30,181.32 1 1
cyberedge/pkg/scanner/tools/subfinder.go:181.32,183.4 1 1
cyberedge/pkg/scanner/tools/subfinder.go:186.2,186.13 1 1
cyberedge/pkg/scanner/tools/subfinder.go:196.107,200.29 3 0
cyberedge/pkg/scanner/tools/subfinder.go:200.29,202.17 2 0
cyberedge/pkg/scanner/tools/subfinder.go:202.17,203.12 1 0
cyberedge/pkg/scanner/tools/subfinder.go:206.3,207.63 2 0
cyberedge/pkg/scanner/tools/subfinder.go:207.63,209.12 1 0
cyberedge/pkg/scanner/tools/subfinder.go:213.3,214.17 2 0
cyberedge/pkg/scanner/tools/subfinder.go:214.17,216.4 1 0
cyberedge/pkg/scanner/tools/subfinder.go:218.3,225.49 2 0
cyberedge/pkg/scanner/tools/subfinder.go:228.2,228.24 1 0
cyberedge/pkg/setup/connect.go:13.58,15.15 2 0
cyberedge/pkg/setup/connect.go:15.15,17.3 1 0
cyberedge/pkg/setup/connect.go:19.2,24.16 3 0
cyberedge/pkg/setup/connect.go:24.16,27.3 2 0
cyberedge/pkg/setup/connect.go:29.2,30.16 2 0
cyberedge/pkg/setup/connect.go:34.38,37.2 1 0
cyberedge/pkg/services/scan_service.go:21.65,25.51 2 0
cyberedge/pkg/services/scan_service.go:25.51,27.3 1 0
cyberedge/pkg/services/scan_service.go:29.2,32.8 1 0
cyberedge/pkg/services/scan_service.go:36.143,39.13 2 0
cyberedge/pkg/services/scan_service.go:39.13,41.3 1 0
cyberedge/pkg/services/scan_service.go:44.2,55.63 4 0
cyberedge/pkg/services/scan_service.go:55.63,57.3 1 0
cyberedge/pkg/services/scan_service.go:60.2,71.63 2 0
cyberedge/pkg/services/scan_service.go:71.63,73.3 1 0
cyberedge/pkg/services/scan_service.go:76.2,78.24 2 0
cyberedge/pkg/services/scan_service.go:82.135,90.16 4 0
cyberedge/pkg/services/scan_service.go:90.16,93.3 1 0
cyberedge/pkg/services/scan_service.go:93.8,95.3 1 0
cyberedge/pkg/services/scan_service.go:98.2,98.66 1 0
cyberedge/pkg/services/scan_service.go:98.66,101.3 1 0
cyberedge/pkg/services/scan_service.go:104.2,104.40 1 0
cyberedge/pkg/services/scan_service.go:108.118,109.33 1 0
cyberedge/pkg/services/scan_service.go:109.33,110.26 1 0
cyberedge/pkg/services/scan_service.go:111.34,112.72 1 0
cyberedge/pkg/services/scan_service.go:112.72,114.5 1 0
cyberedge/pkg/services/scan_service.go:115.29,116.67 1 0
cyberedge/pkg/services/scan_service.go:116.67,118.5 1 0
cyberedge/pkg/services/scan_service.go:119.32,120.70 1 0
cyberedge/pkg/services/scan_service.go:120.70,122.5 1 0
cyberedge/pkg/services/scan_service.go:123.32,124.70 1 0
cyberedge/pkg/services/scan_service.go:124.70,126.5 1 0
cyberedge/pkg/services/scan_service.go:127.38,128.76 1 0
cyberedge/pkg/services/scan_service.go:128.76,130.5 1 0
cyberedge/pkg/services/scan_service.go:134.2,134.12 1 0
cyberedge/pkg/services/scan_service.go:138.120,140.9 2 0
cyberedge/pkg/services/scan_service.go:140.9,142.3 1 0
cyberedge/pkg/services/scan_service.go:144.2,144.53 1 0
cyberedge/pkg/services/scan_service.go:144.53,147.17 2 0
cyberedge/pkg/services/scan_service.go:147.17,148.12 1 0
cyberedge/pkg/services/scan_service.go:152.3,162.40 2 0
cyberedge/pkg/services/scan_service.go:165.2,165.12 1 0
cyberedge/pkg/services/scan_service.go:169.115,171.9 2 0
cyberedge/pkg/services/scan_service.go:171.9,173.3 1 0
cyberedge/pkg/services/scan_service.go:175.2,175.38 1 0
cyberedge/pkg/services/scan_service.go:175.38,178.17 2 0
cyberedge/pkg/services/scan_service.go:178.17,179.12 1 0
cyberedge/pkg/services/scan_service.go:183.3,195.41 2 0
cyberedge/pkg/services/scan_service.go:198.2,198.12 1 0
cyberedge/pkg/services/scan_service.go:202.118,204.9 2 0
cyberedge/pkg/services/scan_service.go:204.9,206.3 1 0
cyberedge/pkg/services/scan_service.go:209.2,210.16 2 0
cyberedge/pkg/services/scan_service.go:210.16,212.3 1 0
cyberedge/pkg/services/scan_service.go:215.2,228.46 2 0
cyberedge/pkg/services/scan_service.go:232.118,234.9 2 0
cyberedge/pkg/services/scan_service.go:234.9,236.3 1 0
cyberedge/pkg/services/scan_service.go:238.2,238.41 1 0
cyberedge/pkg/services/scan_service.go:238.41,241.17 2 0
cyberedge/pkg/services/scan_service.go:241.17,242.12 1 0
cyberedge/pkg/services/scan_service.go:246.3,259.41 2 0
cyberedge/pkg/services/scan_service.go:262.2,262.12 1 0
cyberedge/pkg/services/scan_service.go:266.124,268.9 2 0
cyberedge/pkg/services/scan_service.go:268.9,270.3 1 0
cyberedge/pkg/services/scan_service.go:272.2,272.48 1 0
cyberedge/pkg/services/scan_service.go:272.48,275.17 2 0
cyberedge/pkg/services/scan_service.go:275.17,276.12 1 0
cyberedge/pkg/services/scan_service.go:280.3,290.64 2 0
cyberedge/pkg/services/scan_service.go:290.64,291.12 1 0
cyberedge/pkg/services/scan_service.go:295.3,309.76 2 0
cyberedge/pkg/services/scan_service.go:309.76,310.12 1 0
cyberedge/pkg/services/scan_service.go:315.2,315.12 1 0
cyberedge/pkg/services/scan_service.go:319.124,322.16 2 0
cyberedge/pkg/services/scan_service.go:322.16,324.3 1 0
cyberedge/pkg/services/scan_service.go:327.2,334.62 2 0
cyberedge/pkg/services/scan_service.go:334.62,336.3 1 0
cyberedge/pkg/services/scan_service.go:338.2,338.23 1 0
cyberedge/pkg/services/scan_service.go:343.87,345.2 1 0
cyberedge/pkg/services/scan_service.go:348.90,350.2 1 0
cyberedge/pkg/services/scan_service.go:353.56,355.2 1 0
cyberedge/pkg/services/scan_service.go:358.131,362.18 3 0
cyberedge/pkg/services/scan_service.go:362.18,364.17 2 0
cyberedge/pkg/services/scan_service.go:364.17,366.4 1 0
cyberedge/pkg/services/scan_service.go:368.3,369.34 2 0
cyberedge/pkg/services/scan_service.go:369.34,370.37 1 0
cyberedge/pkg/services/scan_service.go:370.37,371.57 1 0
cyberedge/pkg/services/scan_service.go:371.57,373.6 1 0
cyberedge/pkg/services/scan_service.go:376.3,376.23 1 0
cyberedge/pkg/services/scan_service.go:377.8,379.17 2 0
cyberedge/pkg/services/scan_service.go:379.17,381.4 1 0
cyberedge/pkg/services/scan_service.go:383.3,383.21 1 0
cyberedge/pkg/services/scan_service.go:383.21,385.35 2 0
cyberedge/pkg/services/scan_service.go:385.35,386.39 1 0
cyberedge/pkg/services/scan_service.go:386.39,388.6 1 0
cyberedge/pkg/services/scan_service.go:390.4,390.24 1 0
cyberedge/pkg/services/scan_service.go:392.3,392.22 1 0
cyberedge/pkg/services/scan_service.go:397.123,398.20 1 0
cyberedge/pkg/services/scan_service.go:398.20,400.3 1 0
cyberedge/pkg/services/scan_service.go:401.2,401.57 1 0
cyberedge/pkg/services/scan_service.go:405.85,407.2 1 0
cyberedge/pkg/services/scan_service.go:410.64,412.78 1 0
cyberedge/pkg/services/scan_service.go:412.78,414.3 1 0
cyberedge/pkg/services/scan_service.go:417.2,417.73 1 0
cyberedge/pkg/services/scan_service.go:417.73,419.3 1 0
cyberedge/pkg/services/scan_service.go:422.2,422.74 1 0
cyberedge/pkg/services/scan_service.go:422.74,424.3 1 0
cyberedge/pkg/services/scan_service.go:427.2,427.75 1 0
cyberedge/pkg/services/scan_service.go:427.75,429.3 1 0
cyberedge/pkg/services/scan_service.go:432.2,432.77 1 0
cyberedge/pkg/services/scan_service.go:432.77,434.3 1 0
cyberedge/pkg/services/scan_service.go:436.2,436.12 1 0
cyberedge/pkg/service/scan_service.go:14.64,18.2 1 1
cyberedge/pkg/service/scan_service.go:21.88,22.16 1 1
cyberedge/pkg/service/scan_service.go:22.16,24.3 1 1
cyberedge/pkg/service/scan_service.go:27.2,27.60 1 1
cyberedge/pkg/service/scan_service.go:27.60,29.3 1 1
cyberedge/pkg/service/scan_service.go:31.2,36.57 2 1
cyberedge/pkg/service/scan_service.go:36.57,38.3 1 1
cyberedge/pkg/service/scan_service.go:40.2,40.21 1 1
cyberedge/pkg/service/scan_service.go:43.68,45.2 1 0
cyberedge/pkg/service/scan_service.go:47.64,49.2 1 0
cyberedge/pkg/service/scan_service.go:51.52,53.2 1 0
cyberedge/pkg/service/scan_service.go:56.89,59.16 2 1
cyberedge/pkg/service/scan_service.go:59.16,61.3 1 1
cyberedge/pkg/service/scan_service.go:64.2,67.57 2 1
cyberedge/pkg/service/scan_service.go:71.117,77.42 4 1
cyberedge/pkg/service/scan_service.go:77.42,80.14 2 1
cyberedge/pkg/service/scan_service.go:80.14,85.4 2 1
cyberedge/pkg/service/scan_service.go:88.3,88.26 1 1
cyberedge/pkg/service/scan_service.go:88.26,92.27 3 1
cyberedge/pkg/service/scan_service.go:92.27,94.5 1 1
cyberedge/pkg/service/scan_service.go:96.4,99.62 2 1
cyberedge/pkg/service/scan_service.go:103.3,103.41 1 1
cyberedge/pkg/service/scan_service.go:103.41,111.31 2 1
cyberedge/pkg/service/scan_service.go:111.31,121.31 2 1
cyberedge/pkg/service/scan_service.go:121.31,123.6 1 1
cyberedge/pkg/service/scan_service.go:126.5,128.27 2 1
cyberedge/pkg/service/scan_service.go:131.4,131.38 1 1
cyberedge/pkg/service/scan_service.go:135.2,135.16 1 1
cyberedge/pkg/service/scan_service.go:139.95,140.20 1 1
cyberedge/pkg/service/scan_service.go:140.20,142.3 1 1
cyberedge/pkg/service/scan_service.go:145.2,145.41 1 1
cyberedge/pkg/service/scan_service.go:145.41,154.53 2 1
cyberedge/pkg/service/scan_service.go:154.53,166.4 2 1
cyberedge/pkg/service/scan_service.go:168.3,168.56 1 1
cyberedge/pkg/service/scan_service.go:172.2,172.48 1 1
cyberedge/pkg/service/scan_service.go:172.48,177.3 2 1
cyberedge/pkg/service/scan_service.go:181.105,182.40 1 1
cyberedge/pkg/service/scan_service.go:182.40,194.3 2 1
cyberedge/pkg/service/scan_service.go:198.137,199.53 1 1
cyberedge/pkg/service/scan_service.go:199.53,201.3 1 1
cyberedge/pkg/service/scan_service.go:203.2,210.15 4 1
cyberedge/pkg/service/scan_service.go:213.150,215.52 2 1
cyberedge/pkg/service/scan_service.go:215.52,217.3 1 0
cyberedge/pkg/service/scan_service.go:219.2,224.18 4 1
cyberedge/pkg/service/scan_service.go:228.62,357.2 2 0
cyberedge/pkg/service/scan_service.go:360.78,362.16 2 1
cyberedge/pkg/service/scan_service.go:362.16,364.3 1 1
cyberedge/pkg/service/scan_service.go:366.2,367.16 2 1
cyberedge/pkg/service/scan_service.go:367.16,369.3 1 0
cyberedge/pkg/service/scan_service.go:371.2,381.19 3 1
cyberedge/pkg/service/scan_service.go:384.91,390.41 5 1
cyberedge/pkg/service/scan_service.go:390.41,393.47 2 1
cyberedge/pkg/service/scan_service.go:393.47,396.45 2 1
cyberedge/pkg/service/scan_service.go:396.45,399.35 2 1
cyberedge/pkg/service/scan_service.go:399.35,400.29 1 1
cyberedge/pkg/service/scan_service.go:400.29,402.7 1 1
cyberedge/pkg/service/scan_service.go:408.2,411.35 4 1
cyberedge/pkg/service/scan_service_optimized.go:17.91,21.2 1 1
cyberedge/pkg/service/scan_service_optimized.go:24.106,25.16 1 1
cyberedge/pkg/service/scan_service_optimized.go:25.16,27.3 1 1
cyberedge/pkg/service/scan_service_optimized.go:30.2,30.60 1 1
cyberedge/pkg/service/scan_service_optimized.go:30.60,32.3 1 1
cyberedge/pkg/service/scan_service_optimized.go:34.2,39.57 2 1
cyberedge/pkg/service/scan_service_optimized.go:39.57,41.3 1 0
cyberedge/pkg/service/scan_service_optimized.go:43.2,43.21 1 1
cyberedge/pkg/service/scan_service_optimized.go:46.86,48.2 1 0
cyberedge/pkg/service/scan_service_optimized.go:50.82,52.2 1 0
cyberedge/pkg/service/scan_service_optimized.go:54.61,56.2 1 0
cyberedge/pkg/service/scan_service_optimized.go:59.126,61.2 1 0
cyberedge/pkg/service/scan_service_optimized.go:64.103,66.2 1 1
cyberedge/pkg/service/scan_service_optimized.go:69.82,72.16 2 1
cyberedge/pkg/service/scan_service_optimized.go:72.16,74.3 1 1
cyberedge/pkg/service/scan_service_optimized.go:77.2,77.49 1 1
cyberedge/pkg/service/scan_service_optimized.go:77.49,79.3 1 1
cyberedge/pkg/service/scan_service_optimized.go:82.2,82.39 1 1
cyberedge/pkg/service/scan_service_optimized.go:86.84,87.28 1 1
cyberedge/pkg/service/scan_service_optimized.go:87.28,89.3 1 1
cyberedge/pkg/service/scan_service_optimized.go:91.2,91.38 1 1
cyberedge/pkg/service/scan_service_optimized.go:91.38,92.27 1 1
cyberedge/pkg/service/scan_service_optimized.go:92.27,94.4 1 0
cyberedge/pkg/service/scan_service_optimized.go:96.3,96.83 1 1
cyberedge/pkg/service/scan_service_optimized.go:96.83,98.4 1 1
cyberedge/pkg/service/scan_service_optimized.go:100.3,100.37 1 1
cyberedge/pkg/service/scan_service_optimized.go:100.37,101.46 1 1
cyberedge/pkg/service/scan_service_optimized.go:101.46,103.5 1 1
cyberedge/pkg/service/scan_service_optimized.go:105.4,105.56 1 1
cyberedge/pkg/service/scan_service_optimized.go:105.56,107.5 1 1
cyberedge/pkg/service/scan_service_optimized.go:111.2,111.12 1 1
cyberedge/pkg/service/scan_service_optimized.go:115.140,118.16 2 0
cyberedge/pkg/service/scan_service_optimized.go:118.16,120.3 1 0
cyberedge/pkg/service/scan_service_optimized.go:123.2,123.64 1 0
cyberedge/pkg/service/scan_service_optimized.go:123.64,125.3 1 0
cyberedge/pkg/service/scan_service_optimized.go:127.2,127.57 1 0
cyberedge/pkg/service/scan_service_optimized.go:130.99,145.45 3 1
cyberedge/pkg/service/scan_service_optimized.go:145.45,146.80 1 1
cyberedge/pkg/service/scan_service_optimized.go:146.80,147.37 1 1
cyberedge/pkg/service/scan_service_optimized.go:147.37,149.5 1 1
cyberedge/pkg/service/scan_service_optimized.go:153.2,153.41 1 1
cyberedge/pkg/service/scan_service_optimized.go:153.41,154.74 1 1
cyberedge/pkg/service/scan_service_optimized.go:154.74,155.33 1 1
cyberedge/pkg/service/scan_service_optimized.go:155.33,157.5 1 1
cyberedge/pkg/service/scan_service_optimized.go:161.2,161.12 1 1
cyberedge/pkg/service/scan_service_optimized.go:165.92,172.28 2 0
cyberedge/pkg/service/scan_service_optimized.go:172.28,174.3 1 0
cyberedge/pkg/service/scan_service_optimized.go:178.2,178.56 1 0
cyberedge/pkg/service/scan_service_optimized.go:182.97,184.16 2 0
cyberedge/pkg/service/scan_service_optimized.go:184.16,186.3 1 0
cyberedge/pkg/service/scan_service_optimized.go:188.2,188.49 1 0
cyberedge/pkg/service/scan_service_optimized.go:192.110,193.22 1 1
cyberedge/pkg/service/scan_service_optimized.go:193.22,195.3 1 1
cyberedge/pkg/service/scan_service_optimized.go:197.2,198.16 2 1
cyberedge/pkg/service/scan_service_optimized.go:198.16,200.3 1 0
cyberedge/pkg/service/scan_service_optimized.go:202.2,202.55 1 1
cyberedge/pkg/service/scan_service_optimized.go:206.71,335.2 2 0
cyberedge/pkg/service/scan_service_optimized.go:338.99,340.16 2 1
cyberedge/pkg/service/scan_service_optimized.go:340.16,342.3 1 0
cyberedge/pkg/service/scan_service_optimized.go:345.2,361.22 3 1
cyberedge/pkg/service/scan_service_optimized.go:365.85,372.17 2 1
cyberedge/pkg/service/scan_service_optimized.go:372.17,374.3 1 1
cyberedge/pkg/service/scan_service_optimized.go:375.2,375.14 1 1
cyberedge/pkg/service/scan_service_optimized.go:378.67,379.17 1 1
cyberedge/pkg/service/scan_service_optimized.go:379.17,381.3 1 1
cyberedge/pkg/service/scan_service_optimized.go:381.8,381.24 1 1
cyberedge/pkg/service/scan_service_optimized.go:381.24,383.3 1 1
cyberedge/pkg/service/scan_service_optimized.go:383.8,383.24 1 1
cyberedge/pkg/service/scan_service_optimized.go:383.24,385.3 1 1
cyberedge/pkg/service/scan_service_optimized.go:385.8,385.22 1 1
cyberedge/pkg/service/scan_service_optimized.go:385.22,387.3 1 1
cyberedge/pkg/service/scan_service_optimized.go:388.2,388.15 1 1
cyberedge/pkg/service/scan_service_optimized.go:391.86,393.34 2 1
cyberedge/pkg/service/scan_service_optimized.go:393.34,395.3 1 1
cyberedge/pkg/service/scan_service_optimized.go:396.2,396.14 1 1
cyberedge/pkg/service/user_service.go:21.82,26.2 1 0
cyberedge/pkg/service/user_service.go:29.63,30.23 1 1
cyberedge/pkg/service/user_service.go:30.23,32.3 1 1
cyberedge/pkg/service/user_service.go:34.2,34.25 1 1
cyberedge/pkg/service/user_service.go:34.25,36.3 1 0
cyberedge/pkg/service/user_service.go:39.2,40.15 2 1
cyberedge/pkg/service/user_service.go:40.15,42.3 1 1
cyberedge/pkg/service/user_service.go:45.2,46.15 2 1
cyberedge/pkg/service/user_service.go:46.15,48.3 1 1
cyberedge/pkg/service/user_service.go:51.2,52.15 2 1
cyberedge/pkg/service/user_service.go:52.15,54.3 1 1
cyberedge/pkg/service/user_service.go:57.2,58.17 2 1
cyberedge/pkg/service/user_service.go:58.17,60.3 1 1
cyberedge/pkg/service/user_service.go:62.2,62.12 1 1
cyberedge/pkg/service/user_service.go:66.61,68.2 1 0
cyberedge/pkg/service/user_service.go:71.80,73.2 1 0
cyberedge/pkg/service/user_service.go:76.74,78.2 1 0
cyberedge/pkg/service/user_service.go:81.66,83.2 1 0
cyberedge/pkg/service/user_service.go:86.74,88.53 1 0
cyberedge/pkg/service/user_service.go:88.53,90.3 1 0
cyberedge/pkg/service/user_service.go:93.2,93.79 1 0
cyberedge/pkg/service/user_service.go:93.79,95.3 1 0
cyberedge/pkg/service/user_service.go:98.2,98.73 1 0
cyberedge/pkg/service/user_service.go:98.73,100.3 1 0
cyberedge/pkg/service/user_service.go:103.2,104.16 2 0
cyberedge/pkg/service/user_service.go:104.16,106.3 1 0
cyberedge/pkg/service/user_service.go:108.2,115.31 2 0
cyberedge/pkg/service/user_service.go:119.49,121.2 1 0
cyberedge/pkg/service/user_service.go:124.72,126.16 2 0
cyberedge/pkg/service/user_service.go:126.16,128.3 1 0
cyberedge/pkg/service/user_service.go:131.2,131.99 1 0
cyberedge/pkg/service/user_service.go:131.99,133.3 1 0
cyberedge/pkg/service/user_service.go:136.2,143.16 3 0
cyberedge/pkg/service/user_service.go:143.16,145.3 1 0
cyberedge/pkg/service/user_service.go:147.2,147.25 1 0
cyberedge/pkg/service/user_service.go:151.79,152.83 1 1
cyberedge/pkg/service/user_service.go:152.83,153.58 1 1
cyberedge/pkg/service/user_service.go:153.58,155.4 1 0
cyberedge/pkg/service/user_service.go:156.3,156.34 1 1
cyberedge/pkg/service/user_service.go:159.2,159.16 1 1
cyberedge/pkg/service/user_service.go:159.16,161.3 1 1
cyberedge/pkg/service/user_service.go:163.2,163.67 1 0
cyberedge/pkg/service/user_service.go:163.67,165.10 2 0
cyberedge/pkg/service/user_service.go:165.10,167.4 1 0
cyberedge/pkg/service/user_service.go:169.3,170.17 2 0
cyberedge/pkg/service/user_service.go:170.17,173.4 1 0
cyberedge/pkg/service/user_service.go:175.3,175.19 1 0
cyberedge/pkg/service/user_service.go:178.2,178.35 1 0
cyberedge/pkg/service/user_service.go:182.73,184.16 2 0
cyberedge/pkg/service/user_service.go:184.16,186.3 1 0
cyberedge/pkg/service/user_service.go:189.2,193.16 2 0
cyberedge/pkg/service/user_service.go:193.16,195.3 1 0
cyberedge/pkg/service/user_service.go:198.2,200.47 3 0
cyberedge/pkg/service/user_service.go:200.47,202.3 1 0
cyberedge/pkg/service/user_service.go:205.2,206.16 2 0
cyberedge/pkg/service/user_service.go:206.16,208.3 1 0
cyberedge/pkg/service/user_service.go:210.2,211.46 2 0
cyberedge/pkg/service/user_service.go:211.46,213.3 1 0
cyberedge/pkg/service/user_service.go:215.2,215.39 1 0
cyberedge/pkg/service/user_service.go:219.62,221.16 2 0
cyberedge/pkg/service/user_service.go:221.16,223.3 1 0
cyberedge/pkg/service/user_service.go:225.2,225.27 1 0
cyberedge/pkg/service/user_service.go:225.27,227.3 1 0
cyberedge/pkg/service/user_service.go:229.2,230.12 2 0
cyberedge/pkg/service/user_service.go:230.12,232.3 1 0
cyberedge/pkg/service/user_service.go:235.2,235.24 1 0
cyberedge/pkg/service/user_service.go:235.24,237.48 2 0
cyberedge/pkg/service/user_service.go:237.48,239.4 1 0
cyberedge/pkg/service/user_service.go:242.2,242.12 1 0
cyberedge/pkg/service/user_service.go:246.57,248.16 2 0
cyberedge/pkg/service/user_service.go:248.16,250.3 1 0
cyberedge/pkg/service/user_service.go:252.2,254.31 3 0
cyberedge/pkg/service/user_service.go:258.91,260.16 2 0
cyberedge/pkg/service/user_service.go:260.16,262.3 1 0
cyberedge/pkg/service/user_service.go:265.2,266.16 2 0
cyberedge/pkg/service/user_service.go:266.16,268.3 1 0
cyberedge/pkg/service/user_service.go:271.2,271.56 1 0
cyberedge/pkg/service/user_service.go:271.56,273.3 1 0
cyberedge/pkg/service/user_service.go:276.2,277.16 2 0
cyberedge/pkg/service/user_service.go:277.16,279.3 1 0
cyberedge/pkg/service/user_service.go:282.2,283.31 2 0
