mode: set
cyberedge/pkg/api/errors.go:40.45,41.14 1 0
cyberedge/pkg/api/errors.go:42.29,43.36 1 0
cyberedge/pkg/api/errors.go:44.23,45.27 1 0
cyberedge/pkg/api/errors.go:46.23,47.30 1 0
cyberedge/pkg/api/errors.go:48.23,49.27 1 0
cyberedge/pkg/api/errors.go:50.21,51.30 1 0
cyberedge/pkg/api/errors.go:52.22,53.30 1 0
cyberedge/pkg/api/errors.go:54.23,55.30 1 0
cyberedge/pkg/api/errors.go:56.22,57.39 1 0
cyberedge/pkg/api/errors.go:58.25,59.27 1 0
cyberedge/pkg/api/errors.go:60.25,61.30 1 0
cyberedge/pkg/api/errors.go:62.25,63.33 1 0
cyberedge/pkg/api/errors.go:64.10,65.24 1 0
cyberedge/pkg/api/errors.go:70.76,76.2 1 0
cyberedge/pkg/api/errors.go:79.59,84.17 2 0
cyberedge/pkg/api/errors.go:84.17,86.55 1 0
cyberedge/pkg/api/errors.go:86.55,87.30 1 0
cyberedge/pkg/api/errors.go:87.30,89.5 1 0
cyberedge/pkg/api/errors.go:90.9,92.4 1 0
cyberedge/pkg/api/errors.go:95.2,95.33 1 0
cyberedge/pkg/api/router.go:22.11,28.2 1 0
cyberedge/pkg/api/router.go:31.44,56.2 11 0
cyberedge/pkg/api/router.go:56.2,70.3 8 0
cyberedge/pkg/api/router.go:72.2,72.15 1 0
cyberedge/pkg/dao/base.go:13.39,15.2 1 1
cyberedge/pkg/dao/base.go:18.36,20.2 1 0
cyberedge/pkg/dao/base.go:23.62,25.2 1 0
cyberedge/pkg/dao/user.go:14.39,18.2 1 1
cyberedge/pkg/dao/user.go:21.51,23.2 1 1
cyberedge/pkg/dao/user.go:26.72,29.16 3 1
cyberedge/pkg/dao/user.go:29.16,31.3 1 1
cyberedge/pkg/dao/user.go:32.2,32.19 1 1
cyberedge/pkg/dao/user.go:36.66,39.16 3 1
cyberedge/pkg/dao/user.go:39.16,41.3 1 0
cyberedge/pkg/dao/user.go:42.2,42.19 1 1
cyberedge/pkg/dao/user.go:46.58,49.16 3 1
cyberedge/pkg/dao/user.go:49.16,51.3 1 0
cyberedge/pkg/dao/user.go:52.2,52.19 1 1
cyberedge/pkg/dao/user.go:56.51,58.2 1 1
cyberedge/pkg/dao/user.go:61.41,63.2 1 1
cyberedge/pkg/dao/user.go:66.52,70.2 3 1
cyberedge/pkg/dao/user.go:73.42,77.2 3 0
cyberedge/pkg/models/user.go:34.32,36.2 1 1
cyberedge/pkg/models/user.go:39.48,41.2 1 1
cyberedge/pkg/models/user.go:44.48,46.2 1 1
cyberedge/pkg/middleware/auth.go:14.55,15.30 1 0
cyberedge/pkg/middleware/auth.go:15.30,17.23 2 0
cyberedge/pkg/middleware/auth.go:17.23,21.4 3 0
cyberedge/pkg/middleware/auth.go:23.3,24.32 2 0
cyberedge/pkg/middleware/auth.go:24.32,28.4 3 0
cyberedge/pkg/middleware/auth.go:30.3,30.84 1 0
cyberedge/pkg/middleware/auth.go:30.84,31.59 1 0
cyberedge/pkg/middleware/auth.go:31.59,33.5 1 0
cyberedge/pkg/middleware/auth.go:34.4,34.33 1 0
cyberedge/pkg/middleware/auth.go:37.3,37.33 1 0
cyberedge/pkg/middleware/auth.go:37.33,41.4 3 0
cyberedge/pkg/middleware/auth.go:43.3,43.53 1 0
cyberedge/pkg/middleware/auth.go:43.53,47.4 3 0
cyberedge/pkg/middleware/auth.go:47.9,50.4 2 0
cyberedge/pkg/logging/logging.go:53.50,55.69 1 0
cyberedge/pkg/logging/logging.go:55.69,57.3 1 0
cyberedge/pkg/logging/logging.go:59.2,61.16 3 0
cyberedge/pkg/logging/logging.go:61.16,63.3 1 0
cyberedge/pkg/logging/logging.go:66.2,75.12 7 0
cyberedge/pkg/logging/logging.go:79.34,81.2 1 0
cyberedge/pkg/logging/logging.go:84.68,85.29 1 0
cyberedge/pkg/logging/logging.go:85.29,87.3 1 0
cyberedge/pkg/logging/logging.go:89.2,98.43 6 0
cyberedge/pkg/logging/logging.go:98.43,99.29 1 0
cyberedge/pkg/logging/logging.go:99.29,100.42 1 0
cyberedge/pkg/logging/logging.go:100.42,102.5 1 0
cyberedge/pkg/logging/logging.go:106.2,106.15 1 0
cyberedge/pkg/logging/logging.go:107.13,108.32 1 0
cyberedge/pkg/logging/logging.go:109.12,110.31 1 0
cyberedge/pkg/logging/logging.go:111.12,112.31 1 0
cyberedge/pkg/logging/logging.go:113.13,114.32 1 0
cyberedge/pkg/logging/logging.go:115.13,117.13 2 0
cyberedge/pkg/logging/logging.go:122.45,124.2 1 0
cyberedge/pkg/logging/logging.go:127.44,129.2 1 0
cyberedge/pkg/logging/logging.go:132.44,134.2 1 0
cyberedge/pkg/logging/logging.go:137.45,139.2 1 0
cyberedge/pkg/logging/logging.go:142.45,144.2 1 0
cyberedge/pkg/logging/logging.go:147.28,152.40 3 0
cyberedge/pkg/logging/logging.go:152.40,154.3 1 0
cyberedge/pkg/logging/logging.go:157.2,162.66 4 0
cyberedge/pkg/logging/logging.go:162.66,164.3 1 0
cyberedge/pkg/logging/logging.go:167.2,167.42 1 0
cyberedge/pkg/logging/logging.go:171.47,173.12 2 0
cyberedge/pkg/logging/logging.go:173.12,176.7 3 0
cyberedge/pkg/logging/logging.go:176.7,177.11 1 0
cyberedge/pkg/logging/logging.go:178.20,179.43 1 0
cyberedge/pkg/logging/logging.go:179.43,181.6 1 0
cyberedge/pkg/logging/logging.go:181.11,183.6 1 0
cyberedge/pkg/logging/logging.go:184.24,185.11 1 0
cyberedge/pkg/logging/logging.go:192.24,193.25 1 0
cyberedge/pkg/logging/logging.go:193.25,195.3 1 0
cyberedge/pkg/logging/logging.go:199.16,200.20 1 0
cyberedge/pkg/logging/logging.go:200.20,202.3 1 0
cyberedge/pkg/logging/logging.go:205.13,207.46 1 0
cyberedge/pkg/logging/logging.go:207.46,209.3 1 0
cyberedge/pkg/api/handlers/user_handler.go:15.76,17.2 1 1
cyberedge/pkg/api/handlers/user_handler.go:20.45,26.47 2 1
cyberedge/pkg/api/handlers/user_handler.go:26.47,29.3 2 1
cyberedge/pkg/api/handlers/user_handler.go:31.2,32.16 2 1
cyberedge/pkg/api/handlers/user_handler.go:32.16,33.43 1 1
cyberedge/pkg/api/handlers/user_handler.go:33.43,35.4 1 1
cyberedge/pkg/api/handlers/user_handler.go:35.9,37.4 1 0
cyberedge/pkg/api/handlers/user_handler.go:38.3,38.9 1 1
cyberedge/pkg/api/handlers/user_handler.go:41.2,45.4 1 1
cyberedge/pkg/api/handlers/user_handler.go:49.48,56.47 2 1
cyberedge/pkg/api/handlers/user_handler.go:56.47,59.3 2 1
cyberedge/pkg/api/handlers/user_handler.go:61.2,62.16 2 1
cyberedge/pkg/api/handlers/user_handler.go:62.16,65.10 2 1
cyberedge/pkg/api/handlers/user_handler.go:66.55,67.71 1 1
cyberedge/pkg/api/handlers/user_handler.go:68.55,69.71 1 0
cyberedge/pkg/api/handlers/user_handler.go:70.43,71.71 1 0
cyberedge/pkg/api/handlers/user_handler.go:72.11,73.83 1 0
cyberedge/pkg/api/handlers/user_handler.go:75.3,75.9 1 1
cyberedge/pkg/api/handlers/user_handler.go:78.2,81.4 1 1
cyberedge/pkg/api/handlers/user_handler.go:85.49,87.22 2 1
cyberedge/pkg/api/handlers/user_handler.go:87.22,90.3 2 1
cyberedge/pkg/api/handlers/user_handler.go:93.2,93.47 1 1
cyberedge/pkg/api/handlers/user_handler.go:93.47,96.3 2 1
cyberedge/pkg/api/handlers/user_handler.go:97.2,99.16 3 1
cyberedge/pkg/api/handlers/user_handler.go:99.16,102.3 2 1
cyberedge/pkg/api/handlers/user_handler.go:104.2,112.4 1 1
cyberedge/pkg/api/handlers/user_handler.go:116.48,118.16 2 1
cyberedge/pkg/api/handlers/user_handler.go:118.16,121.3 2 1
cyberedge/pkg/api/handlers/user_handler.go:124.2,125.29 2 1
cyberedge/pkg/api/handlers/user_handler.go:125.29,130.3 1 1
cyberedge/pkg/api/handlers/user_handler.go:132.2,132.33 1 1
cyberedge/pkg/api/handlers/user_handler.go:136.47,139.16 3 0
cyberedge/pkg/api/handlers/user_handler.go:139.16,142.3 2 0
cyberedge/pkg/api/handlers/user_handler.go:144.2,145.16 2 0
cyberedge/pkg/api/handlers/user_handler.go:145.16,148.3 2 0
cyberedge/pkg/api/handlers/user_handler.go:150.2,150.44 1 0
cyberedge/pkg/api/handlers/user_handler.go:154.50,161.47 2 0
cyberedge/pkg/api/handlers/user_handler.go:161.47,164.3 2 0
cyberedge/pkg/api/handlers/user_handler.go:166.2,167.16 2 0
cyberedge/pkg/api/handlers/user_handler.go:167.16,170.3 2 0
cyberedge/pkg/api/handlers/user_handler.go:172.2,172.68 1 0
cyberedge/pkg/api/handlers/user_handler.go:176.50,179.16 3 0
cyberedge/pkg/api/handlers/user_handler.go:179.16,182.3 2 0
cyberedge/pkg/api/handlers/user_handler.go:184.2,185.16 2 0
cyberedge/pkg/api/handlers/user_handler.go:185.16,188.3 2 0
cyberedge/pkg/api/handlers/user_handler.go:190.2,190.63 1 0
cyberedge/pkg/api/handlers/user_handler.go:194.48,199.47 2 0
cyberedge/pkg/api/handlers/user_handler.go:199.47,202.3 2 0
cyberedge/pkg/api/handlers/user_handler.go:204.2,205.16 2 0
cyberedge/pkg/api/handlers/user_handler.go:205.16,208.3 2 0
cyberedge/pkg/api/handlers/user_handler.go:210.2,213.4 1 0
cyberedge/pkg/api/handlers/user_handler.go:217.49,223.47 2 0
cyberedge/pkg/api/handlers/user_handler.go:223.47,226.3 2 0
cyberedge/pkg/api/handlers/user_handler.go:228.2,229.16 2 0
cyberedge/pkg/api/handlers/user_handler.go:229.16,232.3 2 0
cyberedge/pkg/api/handlers/user_handler.go:234.2,234.57 1 0
cyberedge/pkg/api/handlers/user_handler.go:238.50,243.47 2 0
cyberedge/pkg/api/handlers/user_handler.go:243.47,246.3 2 0
cyberedge/pkg/api/handlers/user_handler.go:248.2,249.16 2 0
cyberedge/pkg/api/handlers/user_handler.go:249.16,252.3 2 0
cyberedge/pkg/api/handlers/user_handler.go:254.2,254.69 1 0
cyberedge/pkg/api/handlers/user_handler.go:258.54,260.2 1 0
cyberedge/pkg/api/handlers/user_handler.go:263.52,265.2 1 0
cyberedge/pkg/api/handlers/user_handler.go:268.55,270.22 2 0
cyberedge/pkg/api/handlers/user_handler.go:270.22,273.3 2 0
cyberedge/pkg/api/handlers/user_handler.go:276.2,276.47 1 0
cyberedge/pkg/api/handlers/user_handler.go:276.47,279.3 2 0
cyberedge/pkg/api/handlers/user_handler.go:280.2,282.16 3 0
cyberedge/pkg/api/handlers/user_handler.go:282.16,285.3 2 0
cyberedge/pkg/api/handlers/user_handler.go:287.2,290.4 1 0
cyberedge/pkg/api/handlers/user_handler.go:294.54,297.22 2 1
cyberedge/pkg/api/handlers/user_handler.go:297.22,300.3 2 1
cyberedge/pkg/api/handlers/user_handler.go:302.2,307.47 2 1
cyberedge/pkg/api/handlers/user_handler.go:307.47,310.3 2 0
cyberedge/pkg/api/handlers/user_handler.go:312.2,312.47 1 1
cyberedge/pkg/api/handlers/user_handler.go:312.47,315.3 2 0
cyberedge/pkg/api/handlers/user_handler.go:316.2,318.16 3 1
cyberedge/pkg/api/handlers/user_handler.go:318.16,321.3 2 0
cyberedge/pkg/api/handlers/user_handler.go:324.2,325.16 2 1
cyberedge/pkg/api/handlers/user_handler.go:325.16,326.40 1 1
cyberedge/pkg/api/handlers/user_handler.go:326.40,328.4 1 1
cyberedge/pkg/api/handlers/user_handler.go:328.9,330.4 1 0
cyberedge/pkg/api/handlers/user_handler.go:331.3,331.9 1 1
cyberedge/pkg/api/handlers/user_handler.go:334.2,337.4 1 1
cyberedge/pkg/models/user.go:34.32,36.2 1 0
cyberedge/pkg/models/user.go:39.48,41.2 1 0
cyberedge/pkg/models/user.go:44.48,46.2 1 0
cyberedge/pkg/models/user.go:34.32,36.2 1 0
cyberedge/pkg/models/user.go:39.48,41.2 1 0
cyberedge/pkg/models/user.go:44.48,46.2 1 0
cyberedge/pkg/setup/connect.go:13.58,15.15 2 0
cyberedge/pkg/setup/connect.go:15.15,17.3 1 0
cyberedge/pkg/setup/connect.go:19.2,24.16 3 0
cyberedge/pkg/setup/connect.go:24.16,27.3 2 0
cyberedge/pkg/setup/connect.go:29.2,30.16 2 0
cyberedge/pkg/setup/connect.go:34.38,37.2 1 0
cyberedge/pkg/utils/bson_utils.go:10.64,12.16 2 0
cyberedge/pkg/utils/bson_utils.go:12.16,15.3 2 0
cyberedge/pkg/utils/bson_utils.go:17.2,17.57 1 0
cyberedge/pkg/utils/bson_utils.go:17.57,20.3 2 0
cyberedge/pkg/utils/bson_utils.go:22.2,22.12 1 0
cyberedge/pkg/models/user.go:34.32,36.2 1 0
cyberedge/pkg/models/user.go:39.48,41.2 1 0
cyberedge/pkg/models/user.go:44.48,46.2 1 0
cyberedge/pkg/service/user_service.go:22.82,27.2 1 0
cyberedge/pkg/service/user_service.go:30.63,31.23 1 1
cyberedge/pkg/service/user_service.go:31.23,33.3 1 1
cyberedge/pkg/service/user_service.go:35.2,35.25 1 1
cyberedge/pkg/service/user_service.go:35.25,37.3 1 1
cyberedge/pkg/service/user_service.go:40.2,41.15 2 1
cyberedge/pkg/service/user_service.go:41.15,43.3 1 1
cyberedge/pkg/service/user_service.go:46.2,47.15 2 1
cyberedge/pkg/service/user_service.go:47.15,49.3 1 1
cyberedge/pkg/service/user_service.go:52.2,53.15 2 1
cyberedge/pkg/service/user_service.go:53.15,55.3 1 1
cyberedge/pkg/service/user_service.go:58.2,59.17 2 1
cyberedge/pkg/service/user_service.go:59.17,61.3 1 0
cyberedge/pkg/service/user_service.go:63.2,63.12 1 1
cyberedge/pkg/service/user_service.go:67.61,69.2 1 0
cyberedge/pkg/service/user_service.go:72.80,74.2 1 0
cyberedge/pkg/service/user_service.go:77.74,79.2 1 0
cyberedge/pkg/service/user_service.go:82.66,84.2 1 0
cyberedge/pkg/service/user_service.go:87.74,89.53 1 1
cyberedge/pkg/service/user_service.go:89.53,91.3 1 1
cyberedge/pkg/service/user_service.go:94.2,94.79 1 1
cyberedge/pkg/service/user_service.go:94.79,96.3 1 1
cyberedge/pkg/service/user_service.go:99.2,99.73 1 1
cyberedge/pkg/service/user_service.go:99.73,101.3 1 1
cyberedge/pkg/service/user_service.go:104.2,105.16 2 1
cyberedge/pkg/service/user_service.go:105.16,107.3 1 0
cyberedge/pkg/service/user_service.go:109.2,116.31 2 1
cyberedge/pkg/service/user_service.go:120.49,122.2 1 0
cyberedge/pkg/service/user_service.go:125.72,127.16 2 1
cyberedge/pkg/service/user_service.go:127.16,129.3 1 1
cyberedge/pkg/service/user_service.go:132.2,132.99 1 1
cyberedge/pkg/service/user_service.go:132.99,134.3 1 1
cyberedge/pkg/service/user_service.go:137.2,144.16 3 1
cyberedge/pkg/service/user_service.go:144.16,146.3 1 0
cyberedge/pkg/service/user_service.go:148.2,148.25 1 1
cyberedge/pkg/service/user_service.go:152.79,153.83 1 1
cyberedge/pkg/service/user_service.go:153.83,154.58 1 0
cyberedge/pkg/service/user_service.go:154.58,156.4 1 0
cyberedge/pkg/service/user_service.go:157.3,157.34 1 0
cyberedge/pkg/service/user_service.go:160.2,160.16 1 1
cyberedge/pkg/service/user_service.go:160.16,162.3 1 1
cyberedge/pkg/service/user_service.go:164.2,164.67 1 0
cyberedge/pkg/service/user_service.go:164.67,166.10 2 0
cyberedge/pkg/service/user_service.go:166.10,168.4 1 0
cyberedge/pkg/service/user_service.go:170.3,171.17 2 0
cyberedge/pkg/service/user_service.go:171.17,174.4 1 0
cyberedge/pkg/service/user_service.go:176.3,176.19 1 0
cyberedge/pkg/service/user_service.go:179.2,179.41 1 0
cyberedge/pkg/service/user_service.go:183.73,185.16 2 1
cyberedge/pkg/service/user_service.go:185.16,187.3 1 1
cyberedge/pkg/service/user_service.go:190.2,194.16 2 1
cyberedge/pkg/service/user_service.go:194.16,196.3 1 0
cyberedge/pkg/service/user_service.go:199.2,201.47 3 1
cyberedge/pkg/service/user_service.go:201.47,203.3 1 0
cyberedge/pkg/service/user_service.go:206.2,207.16 2 1
cyberedge/pkg/service/user_service.go:207.16,209.3 1 0
cyberedge/pkg/service/user_service.go:211.2,212.46 2 1
cyberedge/pkg/service/user_service.go:212.46,214.3 1 0
cyberedge/pkg/service/user_service.go:216.2,216.39 1 1
cyberedge/pkg/service/user_service.go:220.62,222.16 2 0
cyberedge/pkg/service/user_service.go:222.16,224.3 1 0
cyberedge/pkg/service/user_service.go:226.2,226.27 1 0
cyberedge/pkg/service/user_service.go:226.27,228.3 1 0
cyberedge/pkg/service/user_service.go:230.2,231.12 2 0
cyberedge/pkg/service/user_service.go:231.12,233.3 1 0
cyberedge/pkg/service/user_service.go:236.2,236.24 1 0
cyberedge/pkg/service/user_service.go:236.24,238.48 2 0
cyberedge/pkg/service/user_service.go:238.48,240.4 1 0
cyberedge/pkg/service/user_service.go:243.2,243.12 1 0
cyberedge/pkg/service/user_service.go:247.57,249.16 2 0
cyberedge/pkg/service/user_service.go:249.16,251.3 1 0
cyberedge/pkg/service/user_service.go:253.2,255.31 3 0
cyberedge/pkg/service/user_service.go:259.91,261.16 2 1
cyberedge/pkg/service/user_service.go:261.16,263.3 1 1
cyberedge/pkg/service/user_service.go:266.2,267.16 2 1
cyberedge/pkg/service/user_service.go:267.16,269.3 1 1
cyberedge/pkg/service/user_service.go:272.2,272.56 1 1
cyberedge/pkg/service/user_service.go:272.56,274.3 1 1
cyberedge/pkg/service/user_service.go:277.2,278.16 2 1
cyberedge/pkg/service/user_service.go:278.16,280.3 1 0
cyberedge/pkg/service/user_service.go:283.2,284.31 2 1
